<?xml version="1.0" encoding="utf-8"?><testsuites name="pytest tests"><testsuite name="pytest" errors="152" failures="0" skipped="2" tests="154" time="19.716" timestamp="2025-07-31T00:36:39.278218+00:00" hostname="devbox"><testcase classname="" name="dashboard.core.test_execution_engine" time="0.000"><error message="collection failure">ImportError while importing test module '/app/dashboard/core/test_execution_engine.py'.
Hint: make sure your test modules/packages have valid Python names.
Traceback:
/home/jules/.pyenv/versions/3.12.11/lib/python3.12/importlib/__init__.py:90: in import_module
    return _bootstrap._gcd_import(name[level:], package, level)
           ^^^^^^^^^^^^^^^^^^^^^^^^^^^^^^^^^^^^^^^^^^^^^^^^^^^^
dashboard/core/test_execution_engine.py:72: in &lt;module&gt;
    from dashboard.core.test_management_system import (
dashboard/core/test_management_system.py:72: in &lt;module&gt;
    from dashboard.core.universal_adaptive_dashboard import DashboardContext, DashboardMorphState
dashboard/core/universal_adaptive_dashboard.py:58: in &lt;module&gt;
    from core.monitoring.drift_monitor import UnifiedDriftMonitor
core/monitoring/__init__.py:35: in &lt;module&gt;
    from .drift_monitor import (
core/monitoring/drift_monitor.py:47: in &lt;module&gt;
    from core.symbolic.drift.symbolic_drift_tracker import (
core/symbolic/drift/symbolic_drift_tracker.py:28: in &lt;module&gt;
    from core.symbolic.drift.symbolic_drift_tracker import SymbolicDriftTracker as CoreSymbolicDriftTracker  # CLAUDE_EDIT_v0.2: Updated to correct implementation path
    ^^^^^^^^^^^^^^^^^^^^^^^^^^^^^^^^^^^^^^^^^^^^^^^^^^^^^^^^^^^^^^^^^^^^^^^^^^^^^^^^^^^^^^^^^^^^^^^^^^^^^^^
E   ImportError: cannot import name 'SymbolicDriftTracker' from partially initialized module 'core.symbolic.drift.symbolic_drift_tracker' (most likely due to a circular import) (/app/core/symbolic/drift/symbolic_drift_tracker.py)</error></testcase><testcase classname="" name="dashboard.core.test_management_system" time="0.000"><error message="collection failure">ImportError while importing test module '/app/dashboard/core/test_management_system.py'.
Hint: make sure your test modules/packages have valid Python names.
Traceback:
/home/jules/.pyenv/versions/3.12.11/lib/python3.12/importlib/__init__.py:90: in import_module
    return _bootstrap._gcd_import(name[level:], package, level)
           ^^^^^^^^^^^^^^^^^^^^^^^^^^^^^^^^^^^^^^^^^^^^^^^^^^^^
dashboard/core/test_management_system.py:72: in &lt;module&gt;
    from dashboard.core.universal_adaptive_dashboard import DashboardContext, DashboardMorphState
dashboard/core/universal_adaptive_dashboard.py:58: in &lt;module&gt;
    from core.monitoring.drift_monitor import UnifiedDriftMonitor
core/monitoring/__init__.py:35: in &lt;module&gt;
    from .drift_monitor import (
core/monitoring/drift_monitor.py:47: in &lt;module&gt;
    from core.symbolic.drift.symbolic_drift_tracker import (
core/symbolic/drift/symbolic_drift_tracker.py:28: in &lt;module&gt;
    from core.symbolic.drift.symbolic_drift_tracker import SymbolicDriftTracker as CoreSymbolicDriftTracker  # CLAUDE_EDIT_v0.2: Updated to correct implementation path
    ^^^^^^^^^^^^^^^^^^^^^^^^^^^^^^^^^^^^^^^^^^^^^^^^^^^^^^^^^^^^^^^^^^^^^^^^^^^^^^^^^^^^^^^^^^^^^^^^^^^^^^^
E   ImportError: cannot import name 'SymbolicDriftTracker' from partially initialized module 'core.symbolic.drift.symbolic_drift_tracker' (most likely due to a circular import) (/app/core/symbolic/drift/symbolic_drift_tracker.py)</error></testcase><testcase classname="" name="dashboard.core.test_performance_monitor" time="0.000"><error message="collection failure">ImportError while importing test module '/app/dashboard/core/test_performance_monitor.py'.
Hint: make sure your test modules/packages have valid Python names.
Traceback:
/home/jules/.pyenv/versions/3.12.11/lib/python3.12/importlib/__init__.py:90: in import_module
    return _bootstrap._gcd_import(name[level:], package, level)
           ^^^^^^^^^^^^^^^^^^^^^^^^^^^^^^^^^^^^^^^^^^^^^^^^^^^^
dashboard/core/test_performance_monitor.py:72: in &lt;module&gt;
    from dashboard.core.test_management_system import TestExecution, TestResults, TestType
dashboard/core/test_management_system.py:72: in &lt;module&gt;
    from dashboard.core.universal_adaptive_dashboard import DashboardContext, DashboardMorphState
dashboard/core/universal_adaptive_dashboard.py:58: in &lt;module&gt;
    from core.monitoring.drift_monitor import UnifiedDriftMonitor
core/monitoring/__init__.py:35: in &lt;module&gt;
    from .drift_monitor import (
core/monitoring/drift_monitor.py:47: in &lt;module&gt;
    from core.symbolic.drift.symbolic_drift_tracker import (
core/symbolic/drift/symbolic_drift_tracker.py:28: in &lt;module&gt;
    from core.symbolic.drift.symbolic_drift_tracker import SymbolicDriftTracker as CoreSymbolicDriftTracker  # CLAUDE_EDIT_v0.2: Updated to correct implementation path
    ^^^^^^^^^^^^^^^^^^^^^^^^^^^^^^^^^^^^^^^^^^^^^^^^^^^^^^^^^^^^^^^^^^^^^^^^^^^^^^^^^^^^^^^^^^^^^^^^^^^^^^^
E   ImportError: cannot import name 'SymbolicDriftTracker' from partially initialized module 'core.symbolic.drift.symbolic_drift_tracker' (most likely due to a circular import) (/app/core/symbolic/drift/symbolic_drift_tracker.py)</error></testcase><testcase classname="" name="dashboard.core.test_scheduler" time="0.000"><error message="collection failure">ImportError while importing test module '/app/dashboard/core/test_scheduler.py'.
Hint: make sure your test modules/packages have valid Python names.
Traceback:
/home/jules/.pyenv/versions/3.12.11/lib/python3.12/importlib/__init__.py:90: in import_module
    return _bootstrap._gcd_import(name[level:], package, level)
           ^^^^^^^^^^^^^^^^^^^^^^^^^^^^^^^^^^^^^^^^^^^^^^^^^^^^
dashboard/core/test_scheduler.py:68: in &lt;module&gt;
    from aiohttp import web
E   ImportError: cannot import name 'web' from '&lt;unknown module name&gt;' (unknown location)</error></testcase><testcase classname="" name="examples.bio_symbolic_coherence_optimization_test" time="0.000"><error message="collection failure">import file mismatch:
imported module 'bio_symbolic_coherence_optimization_test' has this __file__ attribute:
  /app/benchmarks/tests/bio_symbolic_coherence_optimization_test.py
which is not the same as the test file we want to collect:
  /app/examples/bio_symbolic_coherence_optimization_test.py
HINT: remove __pycache__ / .pyc files and/or use a unique basename for your test file modules</error></testcase><testcase classname="" name="examples.unit_tests.test_batch_efficiency" time="0.000"><error message="collection failure">ImportError while importing test module '/app/examples/unit_tests/test_batch_efficiency.py'.
Hint: make sure your test modules/packages have valid Python names.
Traceback:
/home/jules/.pyenv/versions/3.12.11/lib/python3.12/importlib/__init__.py:90: in import_module
    return _bootstrap._gcd_import(name[level:], package, level)
           ^^^^^^^^^^^^^^^^^^^^^^^^^^^^^^^^^^^^^^^^^^^^^^^^^^^^
examples/unit_tests/test_batch_efficiency.py:7: in &lt;module&gt;
    from orchestration_src.brain.github_vulnerability_manager import GitHubVulnerabilityManager, Vulnerability, VulnerabilitySeverity
E   ModuleNotFoundError: No module named 'orchestration_src.brain'</error></testcase><testcase classname="" name="examples.unit_tests.test_beautiful_consciousness" time="0.000"><error message="collection failure">ImportError while importing test module '/app/examples/unit_tests/test_beautiful_consciousness.py'.
Hint: make sure your test modules/packages have valid Python names.
Traceback:
/home/jules/.pyenv/versions/3.12.11/lib/python3.12/importlib/__init__.py:90: in import_module
    return _bootstrap._gcd_import(name[level:], package, level)
           ^^^^^^^^^^^^^^^^^^^^^^^^^^^^^^^^^^^^^^^^^^^^^^^^^^^^
examples/unit_tests/test_beautiful_consciousness.py:20: in &lt;module&gt;
    from orchestration_src.brain.attention.quantum_attention import (
E   ModuleNotFoundError: No module named 'orchestration_src.brain'</error></testcase><testcase classname="" name="examples.unit_tests.test_drift_violations" time="0.000"><error message="collection failure">examples/unit_tests/test_drift_violations.py:2: in &lt;module&gt;
    from reasoning.reasoning_engine import SymbolicEngine, SymbolicEthicalWarning
reasoning/__init__.py:50: in &lt;module&gt;
    from .reasoning_hub import (
reasoning/reasoning_hub.py:11: in &lt;module&gt;
    from .ethical_reasoning_integration import create_ethical_reasoning_integration
reasoning/ethical_reasoning_integration.py:11: in &lt;module&gt;
    from .ethical_reasoning_system import (
reasoning/ethical_reasoning_system.py:913: in &lt;module&gt;
    class EthicalReasoningSystem:
reasoning/ethical_reasoning_system.py:1124: in EthicalReasoningSystem
    def _identify_uncertainty_factors(self, framework_analyses: Dict[EthicalFramework, Dict[str, Any]], alignment_assessment: ValueAlignment, context: Dict[str, Any]) -&gt; List[str]:
                                                                                                                              ^^^^^^^^^^^^^^
E   NameError: name 'ValueAlignment' is not defined</error></testcase><testcase classname="" name="examples.unit_tests.test_integration" time="0.000"><error message="collection failure">ImportError while importing test module '/app/examples/unit_tests/test_integration.py'.
Hint: make sure your test modules/packages have valid Python names.
Traceback:
/home/jules/.pyenv/versions/3.12.11/lib/python3.12/importlib/__init__.py:90: in import_module
    return _bootstrap._gcd_import(name[level:], package, level)
           ^^^^^^^^^^^^^^^^^^^^^^^^^^^^^^^^^^^^^^^^^^^^^^^^^^^^
examples/unit_tests/test_integration.py:18: in &lt;module&gt;
    from orchestration_src.brain.BIO_SYMBOLIC.bio_orchestrator import BioOrchestrator
E   ModuleNotFoundError: No module named 'orchestration_src.brain'</error></testcase><testcase classname="" name="examples.unit_tests.test_memory_comprehensive" time="0.000"><error message="collection failure">ImportError while importing test module '/app/examples/unit_tests/test_memory_comprehensive.py'.
Hint: make sure your test modules/packages have valid Python names.
Traceback:
/home/jules/.pyenv/versions/3.12.11/lib/python3.12/importlib/__init__.py:90: in import_module
    return _bootstrap._gcd_import(name[level:], package, level)
           ^^^^^^^^^^^^^^^^^^^^^^^^^^^^^^^^^^^^^^^^^^^^^^^^^^^^
examples/unit_tests/test_memory_comprehensive.py:34: in &lt;module&gt;
    from memory.core_memory.simple_store import UnifiedMemoryManager, MemoryType, MemoryPriority, MemoryConfig
E   ModuleNotFoundError: No module named 'memory.core_memory'</error></testcase><testcase classname="" name="examples.unit_tests.test_memory_engines" time="0.000"><error message="collection failure">ImportError while importing test module '/app/examples/unit_tests/test_memory_engines.py'.
Hint: make sure your test modules/packages have valid Python names.
Traceback:
/home/jules/.pyenv/versions/3.12.11/lib/python3.12/importlib/__init__.py:90: in import_module
    return _bootstrap._gcd_import(name[level:], package, level)
           ^^^^^^^^^^^^^^^^^^^^^^^^^^^^^^^^^^^^^^^^^^^^^^^^^^^^
examples/unit_tests/test_memory_engines.py:8: in &lt;module&gt;
    from memory.core_memory.adaptive_memory_engine import AdaptiveMemoryEngine
E   ModuleNotFoundError: No module named 'memory.core_memory'</error></testcase><testcase classname="" name="examples.unit_tests.test_quantum_layer" time="0.000"><error message="collection failure">ImportError while importing test module '/app/examples/unit_tests/test_quantum_layer.py'.
Hint: make sure your test modules/packages have valid Python names.
Traceback:
/home/jules/.pyenv/versions/3.12.11/lib/python3.12/importlib/__init__.py:90: in import_module
    return _bootstrap._gcd_import(name[level:], package, level)
           ^^^^^^^^^^^^^^^^^^^^^^^^^^^^^^^^^^^^^^^^^^^^^^^^^^^^
examples/unit_tests/test_quantum_layer.py:3: in &lt;module&gt;
    from core.bio_systems.quantum_inspired_layer import QuantumBioOscillator
E   ModuleNotFoundError: No module named 'core.bio_systems'</error></testcase><testcase classname="" name="examples.unit_tests.test_symbolic_anomaly_explorer" time="0.000"><error message="collection failure">ImportError while importing test module '/app/examples/unit_tests/test_symbolic_anomaly_explorer.py'.
Hint: make sure your test modules/packages have valid Python names.
Traceback:
/home/jules/.pyenv/versions/3.12.11/lib/python3.12/importlib/__init__.py:90: in import_module
    return _bootstrap._gcd_import(name[level:], package, level)
           ^^^^^^^^^^^^^^^^^^^^^^^^^^^^^^^^^^^^^^^^^^^^^^^^^^^^
examples/unit_tests/test_symbolic_anomaly_explorer.py:16: in &lt;module&gt;
    from dream.tools.symbolic_anomaly_explorer import (
E   ModuleNotFoundError: No module named 'dream'</error></testcase><testcase classname="" name="identity.backend.qrglyphs.tests.test_create_qrglyph" time="0.000"><error message="collection failure">ImportError while importing test module '/app/identity/backend/qrglyphs/tests/test_create_qrglyph.py'.
Hint: make sure your test modules/packages have valid Python names.
Traceback:
/home/jules/.pyenv/versions/3.12.11/lib/python3.12/importlib/__init__.py:90: in import_module
    return _bootstrap._gcd_import(name[level:], package, level)
           ^^^^^^^^^^^^^^^^^^^^^^^^^^^^^^^^^^^^^^^^^^^^^^^^^^^^
identity/backend/qrglyphs/tests/test_create_qrglyph.py:19: in &lt;module&gt;
    create_qrglyph = importlib.import_module("lukhas.identity.backend.qrglyphs.qrglymph_public").create_qrglyph
                     ^^^^^^^^^^^^^^^^^^^^^^^^^^^^^^^^^^^^^^^^^^^^^^^^^^^^^^^^^^^^^^^^^^^^^^^^^^^
/home/jules/.pyenv/versions/3.12.11/lib/python3.12/importlib/__init__.py:90: in import_module
    return _bootstrap._gcd_import(name[level:], package, level)
           ^^^^^^^^^^^^^^^^^^^^^^^^^^^^^^^^^^^^^^^^^^^^^^^^^^^^
E   ModuleNotFoundError: No module named 'lukhas'</error></testcase><testcase classname="" name="identity.backend.verifold.tests.test_crypto_router" time="0.000"><error message="collection failure">ImportError while importing test module '/app/identity/backend/verifold/tests/test_crypto_router.py'.
Hint: make sure your test modules/packages have valid Python names.
Traceback:
/home/jules/.pyenv/versions/3.12.11/lib/python3.12/importlib/__init__.py:90: in import_module
    return _bootstrap._gcd_import(name[level:], package, level)
           ^^^^^^^^^^^^^^^^^^^^^^^^^^^^^^^^^^^^^^^^^^^^^^^^^^^^
identity/backend/verifold/tests/test_crypto_router.py:2: in &lt;module&gt;
    CryptoRouter = importlib.import_module("lukhas.identity.backend.verifold.cryptography.crypto_router").CryptoRouter
                   ^^^^^^^^^^^^^^^^^^^^^^^^^^^^^^^^^^^^^^^^^^^^^^^^^^^^^^^^^^^^^^^^^^^^^^^^^^^^^^^^^^^^^^
/home/jules/.pyenv/versions/3.12.11/lib/python3.12/importlib/__init__.py:90: in import_module
    return _bootstrap._gcd_import(name[level:], package, level)
           ^^^^^^^^^^^^^^^^^^^^^^^^^^^^^^^^^^^^^^^^^^^^^^^^^^^^
E   ModuleNotFoundError: No module named 'lukhas'</error></testcase><testcase classname="" name="identity.backend.verifold.tests.test_ethics_verifier" time="0.000"><error message="collection failure">ImportError while importing test module '/app/identity/backend/verifold/tests/test_ethics_verifier.py'.
Hint: make sure your test modules/packages have valid Python names.
Traceback:
/home/jules/.pyenv/versions/3.12.11/lib/python3.12/importlib/__init__.py:90: in import_module
    return _bootstrap._gcd_import(name[level:], package, level)
           ^^^^^^^^^^^^^^^^^^^^^^^^^^^^^^^^^^^^^^^^^^^^^^^^^^^^
identity/backend/verifold/tests/test_ethics_verifier.py:2: in &lt;module&gt;
    EthicsVerifier = importlib.import_module("lukhas.identity.backend.verifold.identity.ethics_verifier").EthicsVerifier
                     ^^^^^^^^^^^^^^^^^^^^^^^^^^^^^^^^^^^^^^^^^^^^^^^^^^^^^^^^^^^^^^^^^^^^^^^^^^^^^^^^^^^^
/home/jules/.pyenv/versions/3.12.11/lib/python3.12/importlib/__init__.py:90: in import_module
    return _bootstrap._gcd_import(name[level:], package, level)
           ^^^^^^^^^^^^^^^^^^^^^^^^^^^^^^^^^^^^^^^^^^^^^^^^^^^^
E   ModuleNotFoundError: No module named 'lukhas'</error></testcase><testcase classname="" name="identity.backend.verifold.tests.test_glyph_stego_encoder" time="0.000"><error message="collection failure">ImportError while importing test module '/app/identity/backend/verifold/tests/test_glyph_stego_encoder.py'.
Hint: make sure your test modules/packages have valid Python names.
Traceback:
/home/jules/.pyenv/versions/3.12.11/lib/python3.12/importlib/__init__.py:90: in import_module
    return _bootstrap._gcd_import(name[level:], package, level)
           ^^^^^^^^^^^^^^^^^^^^^^^^^^^^^^^^^^^^^^^^^^^^^^^^^^^^
identity/backend/verifold/tests/test_glyph_stego_encoder.py:2: in &lt;module&gt;
    GlyphStegoEncoder = importlib.import_module("lukhas.identity.backend.verifold.visual.glyph_stego_encoder").GlyphStegoEncoder
                        ^^^^^^^^^^^^^^^^^^^^^^^^^^^^^^^^^^^^^^^^^^^^^^^^^^^^^^^^^^^^^^^^^^^^^^^^^^^^^^^^^^^^^^
/home/jules/.pyenv/versions/3.12.11/lib/python3.12/importlib/__init__.py:90: in import_module
    return _bootstrap._gcd_import(name[level:], package, level)
           ^^^^^^^^^^^^^^^^^^^^^^^^^^^^^^^^^^^^^^^^^^^^^^^^^^^^
E   ModuleNotFoundError: No module named 'lukhas'</error></testcase><testcase classname="" name="identity.backend.verifold.tests.test_symbolic_audit_mode" time="0.000"><error message="collection failure">ImportError while importing test module '/app/identity/backend/verifold/tests/test_symbolic_audit_mode.py'.
Hint: make sure your test modules/packages have valid Python names.
Traceback:
/home/jules/.pyenv/versions/3.12.11/lib/python3.12/importlib/__init__.py:90: in import_module
    return _bootstrap._gcd_import(name[level:], package, level)
           ^^^^^^^^^^^^^^^^^^^^^^^^^^^^^^^^^^^^^^^^^^^^^^^^^^^^
identity/backend/verifold/tests/test_symbolic_audit_mode.py:2: in &lt;module&gt;
    SymbolicAuditMode = importlib.import_module("lukhas.identity.backend.verifold.compliance.symbolic_audit_mode").SymbolicAuditMode
                        ^^^^^^^^^^^^^^^^^^^^^^^^^^^^^^^^^^^^^^^^^^^^^^^^^^^^^^^^^^^^^^^^^^^^^^^^^^^^^^^^^^^^^^^^^^
/home/jules/.pyenv/versions/3.12.11/lib/python3.12/importlib/__init__.py:90: in import_module
    return _bootstrap._gcd_import(name[level:], package, level)
           ^^^^^^^^^^^^^^^^^^^^^^^^^^^^^^^^^^^^^^^^^^^^^^^^^^^^
E   ModuleNotFoundError: No module named 'lukhas'</error></testcase><testcase classname="" name="identity.backend.verifold.tests.test_zk_narrative_proof_adapter" time="0.000"><error message="collection failure">ImportError while importing test module '/app/identity/backend/verifold/tests/test_zk_narrative_proof_adapter.py'.
Hint: make sure your test modules/packages have valid Python names.
Traceback:
/home/jules/.pyenv/versions/3.12.11/lib/python3.12/importlib/__init__.py:90: in import_module
    return _bootstrap._gcd_import(name[level:], package, level)
           ^^^^^^^^^^^^^^^^^^^^^^^^^^^^^^^^^^^^^^^^^^^^^^^^^^^^
identity/backend/verifold/tests/test_zk_narrative_proof_adapter.py:2: in &lt;module&gt;
    ZKNarrativeProofAdapter = importlib.import_module("lukhas.identity.backend.verifold.cryptography.zkNarrativeProof_adapter").ZKNarrativeProofAdapter
                              ^^^^^^^^^^^^^^^^^^^^^^^^^^^^^^^^^^^^^^^^^^^^^^^^^^^^^^^^^^^^^^^^^^^^^^^^^^^^^^^^^^^^^^^^^^^^^^^^^
/home/jules/.pyenv/versions/3.12.11/lib/python3.12/importlib/__init__.py:90: in import_module
    return _bootstrap._gcd_import(name[level:], package, level)
           ^^^^^^^^^^^^^^^^^^^^^^^^^^^^^^^^^^^^^^^^^^^^^^^^^^^^
E   ModuleNotFoundError: No module named 'lukhas'</error></testcase><testcase classname="" name="identity.tests.test_comprehensive" time="0.000"><error message="collection failure">ImportError while importing test module '/app/identity/tests/test_comprehensive.py'.
Hint: make sure your test modules/packages have valid Python names.
Traceback:
/home/jules/.pyenv/versions/3.12.11/lib/python3.12/importlib/__init__.py:90: in import_module
    return _bootstrap._gcd_import(name[level:], package, level)
           ^^^^^^^^^^^^^^^^^^^^^^^^^^^^^^^^^^^^^^^^^^^^^^^^^^^^
identity/tests/test_comprehensive.py:44: in &lt;module&gt;
    from identity.core.id_service.portability_system import LambdaIDPortabilitySystem as PortabilitySystem
identity/core/id_service/portability_system.py:23: in &lt;module&gt;
    import qrcode
E   ModuleNotFoundError: No module named 'qrcode'</error></testcase><testcase classname="" name="identity.tests.test_identity_integration" time="0.000"><error message="collection failure">ImportError while importing test module '/app/identity/tests/test_identity_integration.py'.
Hint: make sure your test modules/packages have valid Python names.
Traceback:
/home/jules/.pyenv/versions/3.12.11/lib/python3.12/importlib/__init__.py:90: in import_module
    return _bootstrap._gcd_import(name[level:], package, level)
           ^^^^^^^^^^^^^^^^^^^^^^^^^^^^^^^^^^^^^^^^^^^^^^^^^^^^
identity/tests/test_identity_integration.py:28: in &lt;module&gt;
    from identity.core.colonies import (
identity/core/colonies/__init__.py:10: in &lt;module&gt;
    from .dream_verification_colony import DreamVerificationColony
identity/core/colonies/dream_verification_colony.py:25: in &lt;module&gt;
    from identity.core.auth.dream_auth import (
E   ImportError: cannot import name 'DreamAuthenticator' from 'identity.core.auth.dream_auth' (/app/identity/core/auth/dream_auth.py)</error></testcase><testcase classname="" name="memory.systems.simple_512_test" time="0.000"><error message="collection failure">memory/systems/simple_512_test.py:8: in &lt;module&gt;
    exec(open('optimized_memory_item.py').read())
         ^^^^^^^^^^^^^^^^^^^^^^^^^^^^^^^^
E   FileNotFoundError: [Errno 2] No such file or directory: 'optimized_memory_item.py'</error></testcase><testcase classname="" name="memory.systems.test_512_dim_optimization" time="0.000"><error message="collection failure">/home/jules/.pyenv/versions/3.12.11/lib/python3.12/site-packages/_pytest/python.py:498: in importtestmodule
    mod = import_path(
/home/jules/.pyenv/versions/3.12.11/lib/python3.12/site-packages/_pytest/pathlib.py:587: in import_path
    importlib.import_module(module_name)
/home/jules/.pyenv/versions/3.12.11/lib/python3.12/importlib/__init__.py:90: in import_module
    return _bootstrap._gcd_import(name[level:], package, level)
           ^^^^^^^^^^^^^^^^^^^^^^^^^^^^^^^^^^^^^^^^^^^^^^^^^^^^
&lt;frozen importlib._bootstrap&gt;:1387: in _gcd_import
    ???
&lt;frozen importlib._bootstrap&gt;:1360: in _find_and_load
    ???
&lt;frozen importlib._bootstrap&gt;:1331: in _find_and_load_unlocked
    ???
&lt;frozen importlib._bootstrap&gt;:935: in _load_unlocked
    ???
/home/jules/.pyenv/versions/3.12.11/lib/python3.12/site-packages/_pytest/assertion/rewrite.py:186: in exec_module
    exec(co, module.__dict__)
memory/systems/test_512_dim_optimization.py:20: in &lt;module&gt;
    from .optimized_memory_item import (
E     File "/app/memory/systems/optimized_memory_item.py", line 6
E       ══════════════════════════════════════════════════════════════════════════════════
E       ^
E   SyntaxError: invalid character '═' (U+2550)</error></testcase><testcase classname="" name="memory.test_lightweight_concurrency" time="0.000"><error message="collection failure">ImportError while importing test module '/app/memory/test_lightweight_concurrency.py'.
Hint: make sure your test modules/packages have valid Python names.
Traceback:
/home/jules/.pyenv/versions/3.12.11/lib/python3.12/importlib/__init__.py:90: in import_module
    return _bootstrap._gcd_import(name[level:], package, level)
           ^^^^^^^^^^^^^^^^^^^^^^^^^^^^^^^^^^^^^^^^^^^^^^^^^^^^
memory/test_lightweight_concurrency.py:8: in &lt;module&gt;
    from lightweight_concurrency import (
E   ModuleNotFoundError: No module named 'lightweight_concurrency'</error></testcase><testcase classname="" name="orchestration.guardian.guardian_cli_test" time="0.000"><error message="collection failure">ImportError while importing test module '/app/orchestration/guardian/guardian_cli_test.py'.
Hint: make sure your test modules/packages have valid Python names.
Traceback:
/home/jules/.pyenv/versions/3.12.11/lib/python3.12/importlib/__init__.py:90: in import_module
    return _bootstrap._gcd_import(name[level:], package, level)
           ^^^^^^^^^^^^^^^^^^^^^^^^^^^^^^^^^^^^^^^^^^^^^^^^^^^^
orchestration/guardian/guardian_cli_test.py:28: in &lt;module&gt;
    from seedra_core.guardian_orchestrator import GuardianEngine
E   ModuleNotFoundError: No module named 'seedra_core'</error></testcase><testcase classname="" name="scripts.test_api" time="0.000"><error message="collection failure">import file mismatch:
imported module 'test_api' has this __file__ attribute:
  /app/creativity/dream/oneiric_engine/tests/test_api.py
which is not the same as the test file we want to collect:
  /app/scripts/test_api.py
HINT: remove __pycache__ / .pyc files and/or use a unique basename for your test file modules</error></testcase><testcase classname="" name="tests.active.test_compliance_engine_2" time="0.000"><error message="collection failure">ImportError while importing test module '/app/tests/active/test_compliance_engine_2.py'.
Hint: make sure your test modules/packages have valid Python names.
Traceback:
/home/jules/.pyenv/versions/3.12.11/lib/python3.12/importlib/__init__.py:90: in import_module
    return _bootstrap._gcd_import(name[level:], package, level)
           ^^^^^^^^^^^^^^^^^^^^^^^^^^^^^^^^^^^^^^^^^^^^^^^^^^^^
tests/active/test_compliance_engine_2.py:21: in &lt;module&gt;
    from core.governance.compliance_engine import ComplianceEngine
E   ModuleNotFoundError: No module named 'core.governance.compliance_engine'</error></testcase><testcase classname="" name="tests.active.test_dream_feedback_propagator" time="0.000"><error message="collection failure">ImportError while importing test module '/app/tests/active/test_dream_feedback_propagator.py'.
Hint: make sure your test modules/packages have valid Python names.
Traceback:
/home/jules/.pyenv/versions/3.12.11/lib/python3.12/importlib/__init__.py:90: in import_module
    return _bootstrap._gcd_import(name[level:], package, level)
           ^^^^^^^^^^^^^^^^^^^^^^^^^^^^^^^^^^^^^^^^^^^^^^^^^^^^
tests/active/test_dream_feedback_propagator.py:4: in &lt;module&gt;
    from dream.dream_feedback_propagator import DreamFeedbackPropagator
E   ModuleNotFoundError: No module named 'dream'</error></testcase><testcase classname="" name="tests.active.test_drift_loop_governance" time="0.000"><error message="collection failure">ImportError while importing test module '/app/tests/active/test_drift_loop_governance.py'.
Hint: make sure your test modules/packages have valid Python names.
Traceback:
/home/jules/.pyenv/versions/3.12.11/lib/python3.12/importlib/__init__.py:90: in import_module
    return _bootstrap._gcd_import(name[level:], package, level)
           ^^^^^^^^^^^^^^^^^^^^^^^^^^^^^^^^^^^^^^^^^^^^^^^^^^^^
tests/active/test_drift_loop_governance.py:5: in &lt;module&gt;
    from dream.hyperspace_dream_simulator import HyperspaceDreamSimulator, SimulationType, MAX_RECURSION_DEPTH
E   ModuleNotFoundError: No module named 'dream'</error></testcase><testcase classname="" name="tests.active.test_immersive_ingestion" time="0.000"><error message="collection failure">ImportError while importing test module '/app/tests/active/test_immersive_ingestion.py'.
Hint: make sure your test modules/packages have valid Python names.
Traceback:
/home/jules/.pyenv/versions/3.12.11/lib/python3.12/importlib/__init__.py:90: in import_module
    return _bootstrap._gcd_import(name[level:], package, level)
           ^^^^^^^^^^^^^^^^^^^^^^^^^^^^^^^^^^^^^^^^^^^^^^^^^^^^
tests/active/test_immersive_ingestion.py:2: in &lt;module&gt;
    from dream.immersive_ingestion import dream_breath
E   ModuleNotFoundError: No module named 'dream'</error></testcase><testcase classname="" name="tests.active.test_quantized_cycle_manager" time="0.000"><error message="collection failure">ImportError while importing test module '/app/tests/active/test_quantized_cycle_manager.py'.
Hint: make sure your test modules/packages have valid Python names.
Traceback:
/home/jules/.pyenv/versions/3.12.11/lib/python3.12/importlib/__init__.py:90: in import_module
    return _bootstrap._gcd_import(name[level:], package, level)
           ^^^^^^^^^^^^^^^^^^^^^^^^^^^^^^^^^^^^^^^^^^^^^^^^^^^^
tests/active/test_quantized_cycle_manager.py:2: in &lt;module&gt;
    from core.core_utilities import QuantizedCycleManager
core/core_utilities.py:6: in &lt;module&gt;
    from core.symbolic.drift.drift_score import DriftScore
E   ModuleNotFoundError: No module named 'core.symbolic.drift.drift_score'</error></testcase><testcase classname="" name="tests.active.test_redirect_forecaster" time="0.000"><error message="collection failure">ImportError while importing test module '/app/tests/active/test_redirect_forecaster.py'.
Hint: make sure your test modules/packages have valid Python names.
Traceback:
/home/jules/.pyenv/versions/3.12.11/lib/python3.12/importlib/__init__.py:90: in import_module
    return _bootstrap._gcd_import(name[level:], package, level)
           ^^^^^^^^^^^^^^^^^^^^^^^^^^^^^^^^^^^^^^^^^^^^^^^^^^^^
tests/active/test_redirect_forecaster.py:6: in &lt;module&gt;
    from dream.stability.redirect_forecaster import RedirectForecaster
E   ModuleNotFoundError: No module named 'dream'</error></testcase><testcase classname="" name="tests.active.test_resource_efficiency" time="0.000"><error message="collection failure">ImportError while importing test module '/app/tests/active/test_resource_efficiency.py'.
Hint: make sure your test modules/packages have valid Python names.
Traceback:
/home/jules/.pyenv/versions/3.12.11/lib/python3.12/importlib/__init__.py:90: in import_module
    return _bootstrap._gcd_import(name[level:], package, level)
           ^^^^^^^^^^^^^^^^^^^^^^^^^^^^^^^^^^^^^^^^^^^^^^^^^^^^
tests/active/test_resource_efficiency.py:3: in &lt;module&gt;
    from core.core_utilities import ResourceEfficiencyAnalyzer, get_resource_efficiency_table
core/core_utilities.py:6: in &lt;module&gt;
    from core.symbolic.drift.drift_score import DriftScore
E   ModuleNotFoundError: No module named 'core.symbolic.drift.drift_score'</error></testcase><testcase classname="" name="tests.active.test_strategy_engine_core" time="0.000"><error message="collection failure">ImportError while importing test module '/app/tests/active/test_strategy_engine_core.py'.
Hint: make sure your test modules/packages have valid Python names.
Traceback:
/home/jules/.pyenv/versions/3.12.11/lib/python3.12/importlib/__init__.py:90: in import_module
    return _bootstrap._gcd_import(name[level:], package, level)
           ^^^^^^^^^^^^^^^^^^^^^^^^^^^^^^^^^^^^^^^^^^^^^^^^^^^^
tests/active/test_strategy_engine_core.py:33: in &lt;module&gt;
    from ethics.self_reflective_debugger import (
E   ImportError: cannot import name 'SelfReflectiveDebugger' from 'ethics.self_reflective_debugger' (/app/ethics/self_reflective_debugger.py). Did you mean: 'EnhancedSelfReflectiveDebugger'?</error></testcase><testcase classname="" name="tests.active.test_symptom_reporter" time="0.000"><error message="collection failure">ImportError while importing test module '/app/tests/active/test_symptom_reporter.py'.
Hint: make sure your test modules/packages have valid Python names.
Traceback:
/home/jules/.pyenv/versions/3.12.11/lib/python3.12/importlib/__init__.py:90: in import_module
    return _bootstrap._gcd_import(name[level:], package, level)
           ^^^^^^^^^^^^^^^^^^^^^^^^^^^^^^^^^^^^^^^^^^^^^^^^^^^^
tests/active/test_symptom_reporter.py:3: in &lt;module&gt;
    from core.interaction.symptom_reporter import SymptomReporter
core/interaction/symptom_reporter.py:6: in &lt;module&gt;
    from ..diagnostic_engine.engine import DiagnosticEngine
E   ModuleNotFoundError: No module named 'core.diagnostic_engine'</error></testcase><testcase classname="" name="tests.active.test_task_announce_api" time="0.000"><error message="collection failure">tests/active/test_task_announce_api.py:10: in &lt;module&gt;
    spec.loader.exec_module(tasks_module)
&lt;frozen importlib._bootstrap_external&gt;:995: in exec_module
    ???
&lt;frozen importlib._bootstrap_external&gt;:1132: in get_code
    ???
&lt;frozen importlib._bootstrap_external&gt;:1190: in get_data
    ???
E   FileNotFoundError: [Errno 2] No such file or directory: '/app/lukhas/interfaces/api/v1/rest/routers/tasks.py'</error></testcase><testcase classname="" name="tests.active.test_trace_logger" time="0.000"><error message="collection failure">ImportError while importing test module '/app/tests/active/test_trace_logger.py'.
Hint: make sure your test modules/packages have valid Python names.
Traceback:
/home/jules/.pyenv/versions/3.12.11/lib/python3.12/importlib/__init__.py:90: in import_module
    return _bootstrap._gcd_import(name[level:], package, level)
           ^^^^^^^^^^^^^^^^^^^^^^^^^^^^^^^^^^^^^^^^^^^^^^^^^^^^
tests/active/test_trace_logger.py:1: in &lt;module&gt;
    from orchestration_src.brain.trace_memoria_logger import TraceMemoriaLogger as MemoriaLogger
E   ModuleNotFoundError: No module named 'orchestration_src.brain'</error></testcase><testcase classname="" name="tests.analytics.test_drift_affect_validator_json" time="0.000"><skipped message="collection skipped">('/app/tests/analytics/test_drift_affect_validator_json.py', 13, "Skipped: Skipping drift affect validator tests: No module named 'drift_affect_validator'")</skipped></testcase><testcase classname="" name="tests.analytics.test_sid_entropy_radar" time="0.000"><error message="collection failure">ImportError while importing test module '/app/tests/analytics/test_sid_entropy_radar.py'.
Hint: make sure your test modules/packages have valid Python names.
Traceback:
/home/jules/.pyenv/versions/3.12.11/lib/python3.12/importlib/__init__.py:90: in import_module
    return _bootstrap._gcd_import(name[level:], package, level)
           ^^^^^^^^^^^^^^^^^^^^^^^^^^^^^^^^^^^^^^^^^^^^^^^^^^^^
tests/analytics/test_sid_entropy_radar.py:3: in &lt;module&gt;
    from diagnostics.entropy_radar import collect_sid_hashes, shannon_entropy
E   ImportError: cannot import name 'collect_sid_hashes' from 'diagnostics.entropy_radar' (/app/diagnostics/entropy_radar.py)</error></testcase><testcase classname="" name="tests.api.test_glyph_exchange" time="0.000"><error message="collection failure">tests/api/test_glyph_exchange.py:51: in &lt;module&gt;
    SPEC.loader.exec_module(gx)  # type: ignore
    ^^^^^^^^^^^^^^^^^^^^^^^^^^^
&lt;frozen importlib._bootstrap_external&gt;:995: in exec_module
    ???
&lt;frozen importlib._bootstrap_external&gt;:1132: in get_code
    ???
&lt;frozen importlib._bootstrap_external&gt;:1190: in get_data
    ???
E   FileNotFoundError: [Errno 2] No such file or directory: '/app/lukhas/api/glyph_exchange.py'</error></testcase><testcase classname="" name="tests.bio.test_bio_drift_response" time="0.000"><error message="collection failure">ImportError while importing test module '/app/tests/bio/test_bio_drift_response.py'.
Hint: make sure your test modules/packages have valid Python names.
Traceback:
/home/jules/.pyenv/versions/3.12.11/lib/python3.12/importlib/__init__.py:90: in import_module
    return _bootstrap._gcd_import(name[level:], package, level)
           ^^^^^^^^^^^^^^^^^^^^^^^^^^^^^^^^^^^^^^^^^^^^^^^^^^^^
tests/bio/test_bio_drift_response.py:3: in &lt;module&gt;
    from core.bio_systems.bio_oscillator import MoodOscillator, OscillationType
E   ModuleNotFoundError: No module named 'core.bio_systems'</error></testcase><testcase classname="" name="tests.bio.test_bio_phase_control" time="0.000"><error message="collection failure">ImportError while importing test module '/app/tests/bio/test_bio_phase_control.py'.
Hint: make sure your test modules/packages have valid Python names.
Traceback:
/home/jules/.pyenv/versions/3.12.11/lib/python3.12/importlib/__init__.py:90: in import_module
    return _bootstrap._gcd_import(name[level:], package, level)
           ^^^^^^^^^^^^^^^^^^^^^^^^^^^^^^^^^^^^^^^^^^^^^^^^^^^^
tests/bio/test_bio_phase_control.py:3: in &lt;module&gt;
    from core.bio_systems.bio_oscillator import MoodOscillator, OscillationType
E   ModuleNotFoundError: No module named 'core.bio_systems'</error></testcase><testcase classname="" name="tests.bio.test_biosimulation_feedback" time="0.000"><error message="collection failure">ImportError while importing test module '/app/tests/bio/test_biosimulation_feedback.py'.
Hint: make sure your test modules/packages have valid Python names.
Traceback:
/home/jules/.pyenv/versions/3.12.11/lib/python3.12/importlib/__init__.py:90: in import_module
    return _bootstrap._gcd_import(name[level:], package, level)
           ^^^^^^^^^^^^^^^^^^^^^^^^^^^^^^^^^^^^^^^^^^^^^^^^^^^^
tests/bio/test_biosimulation_feedback.py:3: in &lt;module&gt;
    from core.bio_systems.bio_simulation_controller import BioSimulationController
E   ModuleNotFoundError: No module named 'core.bio_systems'</error></testcase><testcase classname="" name="tests.bio.test_colony_self_repair" time="0.000"><error message="collection failure">ImportError while importing test module '/app/tests/bio/test_colony_self_repair.py'.
Hint: make sure your test modules/packages have valid Python names.
Traceback:
/home/jules/.pyenv/versions/3.12.11/lib/python3.12/importlib/__init__.py:90: in import_module
    return _bootstrap._gcd_import(name[level:], package, level)
           ^^^^^^^^^^^^^^^^^^^^^^^^^^^^^^^^^^^^^^^^^^^^^^^^^^^^
tests/bio/test_colony_self_repair.py:4: in &lt;module&gt;
    from bio.bio_utilities import simulate_colony_self_repair
E   ImportError: cannot import name 'simulate_colony_self_repair' from 'bio.bio_utilities' (/app/bio/bio_utilities.py)</error></testcase><testcase classname="" name="tests.bio.test_oscillator_drift_safety" time="0.000"><error message="collection failure">ImportError while importing test module '/app/tests/bio/test_oscillator_drift_safety.py'.
Hint: make sure your test modules/packages have valid Python names.
Traceback:
/home/jules/.pyenv/versions/3.12.11/lib/python3.12/importlib/__init__.py:90: in import_module
    return _bootstrap._gcd_import(name[level:], package, level)
           ^^^^^^^^^^^^^^^^^^^^^^^^^^^^^^^^^^^^^^^^^^^^^^^^^^^^
tests/bio/test_oscillator_drift_safety.py:3: in &lt;module&gt;
    from core.bio_systems.bio_oscillator import MoodOscillator, OscillationType
E   ModuleNotFoundError: No module named 'core.bio_systems'</error></testcase><testcase classname="" name="tests.bio.test_simulation_controller" time="0.000"><error message="collection failure">ImportError while importing test module '/app/tests/bio/test_simulation_controller.py'.
Hint: make sure your test modules/packages have valid Python names.
Traceback:
/home/jules/.pyenv/versions/3.12.11/lib/python3.12/importlib/__init__.py:90: in import_module
    return _bootstrap._gcd_import(name[level:], package, level)
           ^^^^^^^^^^^^^^^^^^^^^^^^^^^^^^^^^^^^^^^^^^^^^^^^^^^^
tests/bio/test_simulation_controller.py:3: in &lt;module&gt;
    from core.bio_systems.bio_simulation_controller import BioSimulationController
E   ModuleNotFoundError: No module named 'core.bio_systems'</error></testcase><testcase classname="" name="tests.bio.test_symbolic_validation" time="0.000"><error message="collection failure">ImportError while importing test module '/app/tests/bio/test_symbolic_validation.py'.
Hint: make sure your test modules/packages have valid Python names.
Traceback:
/home/jules/.pyenv/versions/3.12.11/lib/python3.12/importlib/__init__.py:90: in import_module
    return _bootstrap._gcd_import(name[level:], package, level)
           ^^^^^^^^^^^^^^^^^^^^^^^^^^^^^^^^^^^^^^^^^^^^^^^^^^^^
tests/bio/test_symbolic_validation.py:2: in &lt;module&gt;
    from core.bio_systems.trust_binder import TrustBinder
E   ModuleNotFoundError: No module named 'core.bio_systems'</error></testcase><testcase classname="" name="tests.collapse.test_collapse_hash" time="0.000"><error message="collection failure">ImportError while importing test module '/app/tests/collapse/test_collapse_hash.py'.
Hint: make sure your test modules/packages have valid Python names.
Traceback:
/home/jules/.pyenv/versions/3.12.11/lib/python3.12/importlib/__init__.py:90: in import_module
    return _bootstrap._gcd_import(name[level:], package, level)
           ^^^^^^^^^^^^^^^^^^^^^^^^^^^^^^^^^^^^^^^^^^^^^^^^^^^^
tests/collapse/test_collapse_hash.py:1: in &lt;module&gt;
    from core.symbolic.collapse.trace import CollapseTrace
E   ModuleNotFoundError: No module named 'core.symbolic.collapse.trace'</error></testcase><testcase classname="" name="tests.compliance.test_eu_awareness_engine" time="0.000"><error message="collection failure">ImportError while importing test module '/app/tests/compliance/test_eu_awareness_engine.py'.
Hint: make sure your test modules/packages have valid Python names.
Traceback:
/home/jules/.pyenv/versions/3.12.11/lib/python3.12/importlib/__init__.py:90: in import_module
    return _bootstrap._gcd_import(name[level:], package, level)
           ^^^^^^^^^^^^^^^^^^^^^^^^^^^^^^^^^^^^^^^^^^^^^^^^^^^^
tests/compliance/test_eu_awareness_engine.py:12: in &lt;module&gt;
    from orchestration_src.brain.EUAwarenessEngine import (
E   ModuleNotFoundError: No module named 'orchestration_src.brain'</error></testcase><testcase classname="" name="tests.compliance.test_global_institutional_framework" time="0.000"><error message="collection failure">ImportError while importing test module '/app/tests/compliance/test_global_institutional_framework.py'.
Hint: make sure your test modules/packages have valid Python names.
Traceback:
/home/jules/.pyenv/versions/3.12.11/lib/python3.12/importlib/__init__.py:90: in import_module
    return _bootstrap._gcd_import(name[level:], package, level)
           ^^^^^^^^^^^^^^^^^^^^^^^^^^^^^^^^^^^^^^^^^^^^^^^^^^^^
tests/compliance/test_global_institutional_framework.py:11: in &lt;module&gt;
    from orchestration_src.brain.GlobalInstitutionalFramework import (
E   ModuleNotFoundError: No module named 'orchestration_src.brain'</error></testcase><testcase classname="" name="tests.consciousness.test_agi_consciousness_engine_integration" time="0.000"><error message="collection failure">ImportError while importing test module '/app/tests/consciousness/test_agi_consciousness_engine_integration.py'.
Hint: make sure your test modules/packages have valid Python names.
Traceback:
/home/jules/.pyenv/versions/3.12.11/lib/python3.12/importlib/__init__.py:90: in import_module
    return _bootstrap._gcd_import(name[level:], package, level)
           ^^^^^^^^^^^^^^^^^^^^^^^^^^^^^^^^^^^^^^^^^^^^^^^^^^^^
tests/consciousness/test_agi_consciousness_engine_integration.py:2: in &lt;module&gt;
    from consciousness.consciousness_hub import get_consciousness_hub
consciousness/consciousness_hub.py:50: in &lt;module&gt;
    from consciousness.quantum_consciousness_hub import QuantumConsciousnessHub
consciousness/quantum_consciousness_hub.py:20: in &lt;module&gt;
    from orchestration.brain.consciousness_core import ConsciousnessCore
orchestration/brain/consciousness_core.py:12: in &lt;module&gt;
    from orchestration.core_modules.orchestration_service import ConsciousnessLevel
orchestration/core_modules/orchestration_service.py:39: in &lt;module&gt;
    from AID.core.lambda_identity import IdentitySystem
E   ModuleNotFoundError: No module named 'AID'</error></testcase><testcase classname="" name="tests.consciousness.test_cognitive_adapter_complete_integration" time="0.000"><error message="collection failure">ImportError while importing test module '/app/tests/consciousness/test_cognitive_adapter_complete_integration.py'.
Hint: make sure your test modules/packages have valid Python names.
Traceback:
/home/jules/.pyenv/versions/3.12.11/lib/python3.12/importlib/__init__.py:90: in import_module
    return _bootstrap._gcd_import(name[level:], package, level)
           ^^^^^^^^^^^^^^^^^^^^^^^^^^^^^^^^^^^^^^^^^^^^^^^^^^^^
tests/consciousness/test_cognitive_adapter_complete_integration.py:54: in &lt;module&gt;
    import consciousness.cognitive.adapter_complete as adapter_complete
E   ModuleNotFoundError: No module named 'consciousness.cognitive.adapter_complete'</error></testcase><testcase classname="" name="tests.consciousness.test_cognitive_adapter_integration" time="0.000"><error message="collection failure">ImportError while importing test module '/app/tests/consciousness/test_cognitive_adapter_integration.py'.
Hint: make sure your test modules/packages have valid Python names.
Traceback:
/home/jules/.pyenv/versions/3.12.11/lib/python3.12/importlib/__init__.py:90: in import_module
    return _bootstrap._gcd_import(name[level:], package, level)
           ^^^^^^^^^^^^^^^^^^^^^^^^^^^^^^^^^^^^^^^^^^^^^^^^^^^^
tests/consciousness/test_cognitive_adapter_integration.py:2: in &lt;module&gt;
    from consciousness.consciousness_hub import get_consciousness_hub
consciousness/consciousness_hub.py:50: in &lt;module&gt;
    from consciousness.quantum_consciousness_hub import QuantumConsciousnessHub
consciousness/quantum_consciousness_hub.py:20: in &lt;module&gt;
    from orchestration.brain.consciousness_core import ConsciousnessCore
orchestration/brain/consciousness_core.py:12: in &lt;module&gt;
    from orchestration.core_modules.orchestration_service import ConsciousnessLevel
orchestration/core_modules/orchestration_service.py:39: in &lt;module&gt;
    from AID.core.lambda_identity import IdentitySystem
E   ModuleNotFoundError: No module named 'AID'</error></testcase><testcase classname="" name="tests.consciousness.test_consciousness_integrations" time="0.000"><error message="collection failure">ImportError while importing test module '/app/tests/consciousness/test_consciousness_integrations.py'.
Hint: make sure your test modules/packages have valid Python names.
Traceback:
/home/jules/.pyenv/versions/3.12.11/lib/python3.12/importlib/__init__.py:90: in import_module
    return _bootstrap._gcd_import(name[level:], package, level)
           ^^^^^^^^^^^^^^^^^^^^^^^^^^^^^^^^^^^^^^^^^^^^^^^^^^^^
tests/consciousness/test_consciousness_integrations.py:10: in &lt;module&gt;
    from consciousness.consciousness_hub import ConsciousnessHub
consciousness/consciousness_hub.py:50: in &lt;module&gt;
    from consciousness.quantum_consciousness_hub import QuantumConsciousnessHub
consciousness/quantum_consciousness_hub.py:20: in &lt;module&gt;
    from orchestration.brain.consciousness_core import ConsciousnessCore
orchestration/brain/consciousness_core.py:12: in &lt;module&gt;
    from orchestration.core_modules.orchestration_service import ConsciousnessLevel
orchestration/core_modules/orchestration_service.py:39: in &lt;module&gt;
    from AID.core.lambda_identity import IdentitySystem
E   ModuleNotFoundError: No module named 'AID'</error></testcase><testcase classname="" name="tests.consciousness.test_dream_bridge_integration" time="0.000"><error message="collection failure">ImportError while importing test module '/app/tests/consciousness/test_dream_bridge_integration.py'.
Hint: make sure your test modules/packages have valid Python names.
Traceback:
/home/jules/.pyenv/versions/3.12.11/lib/python3.12/importlib/__init__.py:90: in import_module
    return _bootstrap._gcd_import(name[level:], package, level)
           ^^^^^^^^^^^^^^^^^^^^^^^^^^^^^^^^^^^^^^^^^^^^^^^^^^^^
tests/consciousness/test_dream_bridge_integration.py:11: in &lt;module&gt;
    from consciousness.consciousness_hub import ConsciousnessHub, get_consciousness_hub
consciousness/consciousness_hub.py:50: in &lt;module&gt;
    from consciousness.quantum_consciousness_hub import QuantumConsciousnessHub
consciousness/quantum_consciousness_hub.py:20: in &lt;module&gt;
    from orchestration.brain.consciousness_core import ConsciousnessCore
orchestration/brain/consciousness_core.py:12: in &lt;module&gt;
    from orchestration.core_modules.orchestration_service import ConsciousnessLevel
orchestration/core_modules/orchestration_service.py:39: in &lt;module&gt;
    from AID.core.lambda_identity import IdentitySystem
E   ModuleNotFoundError: No module named 'AID'</error></testcase><testcase classname="" name="tests.core.memory.hooks.test_hooks" time="0.000"><error message="collection failure">ImportError while importing test module '/app/tests/core/memory/hooks/test_hooks.py'.
Hint: make sure your test modules/packages have valid Python names.
Traceback:
/home/jules/.pyenv/versions/3.12.11/lib/python3.12/importlib/__init__.py:90: in import_module
    return _bootstrap._gcd_import(name[level:], package, level)
           ^^^^^^^^^^^^^^^^^^^^^^^^^^^^^^^^^^^^^^^^^^^^^^^^^^^^
tests/core/memory/hooks/test_hooks.py:11: in &lt;module&gt;
    from memory.hooks.base import (
E   ModuleNotFoundError: No module named 'memory.hooks'</error></testcase><testcase classname="" name="tests.core.monitoring.test_collapse_tracker" time="0.000"><error message="collection failure">ImportError while importing test module '/app/tests/core/monitoring/test_collapse_tracker.py'.
Hint: make sure your test modules/packages have valid Python names.
Traceback:
/home/jules/.pyenv/versions/3.12.11/lib/python3.12/importlib/__init__.py:90: in import_module
    return _bootstrap._gcd_import(name[level:], package, level)
           ^^^^^^^^^^^^^^^^^^^^^^^^^^^^^^^^^^^^^^^^^^^^^^^^^^^^
tests/core/monitoring/test_collapse_tracker.py:31: in &lt;module&gt;
    from core.monitoring.collapse_tracker import (
core/monitoring/__init__.py:35: in &lt;module&gt;
    from .drift_monitor import (
core/monitoring/drift_monitor.py:47: in &lt;module&gt;
    from core.symbolic.drift.symbolic_drift_tracker import (
core/symbolic/drift/symbolic_drift_tracker.py:28: in &lt;module&gt;
    from core.symbolic.drift.symbolic_drift_tracker import SymbolicDriftTracker as CoreSymbolicDriftTracker  # CLAUDE_EDIT_v0.2: Updated to correct implementation path
    ^^^^^^^^^^^^^^^^^^^^^^^^^^^^^^^^^^^^^^^^^^^^^^^^^^^^^^^^^^^^^^^^^^^^^^^^^^^^^^^^^^^^^^^^^^^^^^^^^^^^^^^
E   ImportError: cannot import name 'SymbolicDriftTracker' from partially initialized module 'core.symbolic.drift.symbolic_drift_tracker' (most likely due to a circular import) (/app/core/symbolic/drift/symbolic_drift_tracker.py)</error></testcase><testcase classname="" name="tests.core.symbolic.test_drift" time="0.000"><error message="collection failure">ImportError while importing test module '/app/tests/core/symbolic/test_drift.py'.
Hint: make sure your test modules/packages have valid Python names.
Traceback:
/home/jules/.pyenv/versions/3.12.11/lib/python3.12/importlib/__init__.py:90: in import_module
    return _bootstrap._gcd_import(name[level:], package, level)
           ^^^^^^^^^^^^^^^^^^^^^^^^^^^^^^^^^^^^^^^^^^^^^^^^^^^^
tests/core/symbolic/test_drift.py:17: in &lt;module&gt;
    from core.symbolic.drift.symbolic_drift_tracker import (
core/symbolic/drift/symbolic_drift_tracker.py:28: in &lt;module&gt;
    from core.symbolic.drift.symbolic_drift_tracker import SymbolicDriftTracker as CoreSymbolicDriftTracker  # CLAUDE_EDIT_v0.2: Updated to correct implementation path
    ^^^^^^^^^^^^^^^^^^^^^^^^^^^^^^^^^^^^^^^^^^^^^^^^^^^^^^^^^^^^^^^^^^^^^^^^^^^^^^^^^^^^^^^^^^^^^^^^^^^^^^^
E   ImportError: cannot import name 'SymbolicDriftTracker' from partially initialized module 'core.symbolic.drift.symbolic_drift_tracker' (most likely due to a circular import) (/app/core/symbolic/drift/symbolic_drift_tracker.py)</error></testcase><testcase classname="" name="tests.core.symbolic.test_glyphs" time="0.000"><error message="collection failure">ImportError while importing test module '/app/tests/core/symbolic/test_glyphs.py'.
Hint: make sure your test modules/packages have valid Python names.
Traceback:
/home/jules/.pyenv/versions/3.12.11/lib/python3.12/importlib/__init__.py:90: in import_module
    return _bootstrap._gcd_import(name[level:], package, level)
           ^^^^^^^^^^^^^^^^^^^^^^^^^^^^^^^^^^^^^^^^^^^^^^^^^^^^
tests/core/symbolic/test_glyphs.py:15: in &lt;module&gt;
    from core.symbolic.glyphs import GLYPH_MAP, get_glyph_meaning
E   ModuleNotFoundError: No module named 'core.symbolic.glyphs'</error></testcase><testcase classname="" name="tests.core.symbolic.test_tracer" time="0.000"><error message="collection failure">ImportError while importing test module '/app/tests/core/symbolic/test_tracer.py'.
Hint: make sure your test modules/packages have valid Python names.
Traceback:
/home/jules/.pyenv/versions/3.12.11/lib/python3.12/importlib/__init__.py:90: in import_module
    return _bootstrap._gcd_import(name[level:], package, level)
           ^^^^^^^^^^^^^^^^^^^^^^^^^^^^^^^^^^^^^^^^^^^^^^^^^^^^
tests/core/symbolic/test_tracer.py:3: in &lt;module&gt;
    from core.symbolic.tracer import SymbolicTracer
E   ModuleNotFoundError: No module named 'core.symbolic.tracer'</error></testcase><testcase classname="" name="tests.core.test_consciousness_phase" time="0.000"><error message="collection failure">ImportError while importing test module '/app/tests/core/test_consciousness_phase.py'.
Hint: make sure your test modules/packages have valid Python names.
Traceback:
/home/jules/.pyenv/versions/3.12.11/lib/python3.12/importlib/__init__.py:90: in import_module
    return _bootstrap._gcd_import(name[level:], package, level)
           ^^^^^^^^^^^^^^^^^^^^^^^^^^^^^^^^^^^^^^^^^^^^^^^^^^^^
tests/core/test_consciousness_phase.py:4: in &lt;module&gt;
    from memory.memoria import create_core_memoria_component
memory/memoria.py:11: in &lt;module&gt;
    from quantum_mind import ConsciousnessPhase, get_current_phase
E   ModuleNotFoundError: No module named 'quantum_mind'</error></testcase><testcase classname="" name="tests.core.test_consistency_management" time="0.000"><error message="collection failure">ImportError while importing test module '/app/tests/core/test_consistency_management.py'.
Hint: make sure your test modules/packages have valid Python names.
Traceback:
/home/jules/.pyenv/versions/3.12.11/lib/python3.12/importlib/__init__.py:90: in import_module
    return _bootstrap._gcd_import(name[level:], package, level)
           ^^^^^^^^^^^^^^^^^^^^^^^^^^^^^^^^^^^^^^^^^^^^^^^^^^^^
tests/core/test_consistency_management.py:3: in &lt;module&gt;
    from core.core_utilities import ConsistencyManager, Consistency
core/core_utilities.py:6: in &lt;module&gt;
    from core.symbolic.drift.drift_score import DriftScore
E   ModuleNotFoundError: No module named 'core.symbolic.drift.drift_score'</error></testcase><testcase classname="" name="tests.core.test_governance" time="0.000"><error message="collection failure">ImportError while importing test module '/app/tests/core/test_governance.py'.
Hint: make sure your test modules/packages have valid Python names.
Traceback:
/home/jules/.pyenv/versions/3.12.11/lib/python3.12/importlib/__init__.py:90: in import_module
    return _bootstrap._gcd_import(name[level:], package, level)
           ^^^^^^^^^^^^^^^^^^^^^^^^^^^^^^^^^^^^^^^^^^^^^^^^^^^^
tests/core/test_governance.py:3: in &lt;module&gt;
    from core.governance import GovernanceLayer
E   ImportError: cannot import name 'GovernanceLayer' from 'core.governance' (/app/core/governance/__init__.py)</error></testcase><testcase classname="" name="tests.core.test_observatory" time="0.000"><error message="collection failure">ImportError while importing test module '/app/tests/core/test_observatory.py'.
Hint: make sure your test modules/packages have valid Python names.
Traceback:
/home/jules/.pyenv/versions/3.12.11/lib/python3.12/importlib/__init__.py:90: in import_module
    return _bootstrap._gcd_import(name[level:], package, level)
           ^^^^^^^^^^^^^^^^^^^^^^^^^^^^^^^^^^^^^^^^^^^^^^^^^^^^
tests/core/test_observatory.py:7: in &lt;module&gt;
    from core.observatory import Observatory
core/observatory.py:12: in &lt;module&gt;
    from .symbolic.tracer import SymbolicTracer, DecisionTrail
E   ModuleNotFoundError: No module named 'core.symbolic.tracer'</error></testcase><testcase classname="" name="tests.core.test_resource_optimization_integration" time="0.000"><error message="collection failure">/home/jules/.pyenv/versions/3.12.11/lib/python3.12/site-packages/_pytest/python.py:498: in importtestmodule
    mod = import_path(
/home/jules/.pyenv/versions/3.12.11/lib/python3.12/site-packages/_pytest/pathlib.py:587: in import_path
    importlib.import_module(module_name)
/home/jules/.pyenv/versions/3.12.11/lib/python3.12/importlib/__init__.py:90: in import_module
    return _bootstrap._gcd_import(name[level:], package, level)
           ^^^^^^^^^^^^^^^^^^^^^^^^^^^^^^^^^^^^^^^^^^^^^^^^^^^^
&lt;frozen importlib._bootstrap&gt;:1387: in _gcd_import
    ???
&lt;frozen importlib._bootstrap&gt;:1360: in _find_and_load
    ???
&lt;frozen importlib._bootstrap&gt;:1331: in _find_and_load_unlocked
    ???
&lt;frozen importlib._bootstrap&gt;:935: in _load_unlocked
    ???
/home/jules/.pyenv/versions/3.12.11/lib/python3.12/site-packages/_pytest/assertion/rewrite.py:186: in exec_module
    exec(co, module.__dict__)
tests/core/test_resource_optimization_integration.py:28: in &lt;module&gt;
    from core.resource_optimization_integration import (
E     File "/app/core/resource_optimization_integration.py", line 43
E       )
E       ^
E   SyntaxError: unmatched ')'</error></testcase><testcase classname="" name="tests.core.test_resource_scheduler" time="0.000"><error message="collection failure">tests/core/test_resource_scheduler.py:4: in &lt;module&gt;
    from core.resource_scheduler import SwarmResourceScheduler
core/resource_scheduler.py:11: in &lt;module&gt;
    class SwarmResourceScheduler:
core/resource_scheduler.py:12: in SwarmResourceScheduler
    def __init__(self, swarm_hub: SwarmHub):
                                  ^^^^^^^^
E   NameError: name 'SwarmHub' is not defined</error></testcase><testcase classname="" name="tests.core.test_supervision" time="0.000"><error message="collection failure">ImportError while importing test module '/app/tests/core/test_supervision.py'.
Hint: make sure your test modules/packages have valid Python names.
Traceback:
/home/jules/.pyenv/versions/3.12.11/lib/python3.12/importlib/__init__.py:90: in import_module
    return _bootstrap._gcd_import(name[level:], package, level)
           ^^^^^^^^^^^^^^^^^^^^^^^^^^^^^^^^^^^^^^^^^^^^^^^^^^^^
tests/core/test_supervision.py:17: in &lt;module&gt;
    from core.supervision import (
core/supervision.py:19: in &lt;module&gt;
    from bio.bio_utilities import simulate_colony_self_repair
E   ImportError: cannot import name 'simulate_colony_self_repair' from 'bio.bio_utilities' (/app/bio/bio_utilities.py)</error></testcase><testcase classname="" name="tests.creativity.dream_systems.test_snapshot_redirection_controller" time="0.000"><error message="collection failure">ImportError while importing test module '/app/tests/creativity/dream_systems/test_snapshot_redirection_controller.py'.
Hint: make sure your test modules/packages have valid Python names.
Traceback:
/home/jules/.pyenv/versions/3.12.11/lib/python3.12/importlib/__init__.py:90: in import_module
    return _bootstrap._gcd_import(name[level:], package, level)
           ^^^^^^^^^^^^^^^^^^^^^^^^^^^^^^^^^^^^^^^^^^^^^^^^^^^^
tests/creativity/dream_systems/test_snapshot_redirection_controller.py:10: in &lt;module&gt;
    from memory.core_memory.emotional_memory import EmotionalMemory, EmotionVector
E   ModuleNotFoundError: No module named 'memory.core_memory'</error></testcase><testcase classname="" name="tests.creativity.test_creative_market" time="0.000"><error message="collection failure">ImportError while importing test module '/app/tests/creativity/test_creative_market.py'.
Hint: make sure your test modules/packages have valid Python names.
Traceback:
/home/jules/.pyenv/versions/3.12.11/lib/python3.12/importlib/__init__.py:90: in import_module
    return _bootstrap._gcd_import(name[level:], package, level)
           ^^^^^^^^^^^^^^^^^^^^^^^^^^^^^^^^^^^^^^^^^^^^^^^^^^^^
tests/creativity/test_creative_market.py:4: in &lt;module&gt;
    from creativity.creative_market import CreativeMarket
creativity/creative_market.py:25: in &lt;module&gt;
    from ..tagging import SimpleTagResolver, DeduplicationCache, Tag
E   ImportError: attempted relative import beyond top-level package</error></testcase><testcase classname="" name="tests.dream.test_dream_ethics_integration" time="0.000"><error message="collection failure">ImportError while importing test module '/app/tests/dream/test_dream_ethics_integration.py'.
Hint: make sure your test modules/packages have valid Python names.
Traceback:
/home/jules/.pyenv/versions/3.12.11/lib/python3.12/importlib/__init__.py:90: in import_module
    return _bootstrap._gcd_import(name[level:], package, level)
           ^^^^^^^^^^^^^^^^^^^^^^^^^^^^^^^^^^^^^^^^^^^^^^^^^^^^
tests/dream/test_dream_ethics_integration.py:2: in &lt;module&gt;
    from dream.dream_generator import generate_dream
E   ModuleNotFoundError: No module named 'dream'</error></testcase><testcase classname="" name="tests.dream.test_dream_governance_integration" time="0.000"><error message="collection failure">tests/dream/test_dream_governance_integration.py:21: in &lt;module&gt;
    spec.loader.exec_module(dream_module)
&lt;frozen importlib._bootstrap_external&gt;:995: in exec_module
    ???
&lt;frozen importlib._bootstrap_external&gt;:1132: in get_code
    ???
&lt;frozen importlib._bootstrap_external&gt;:1190: in get_data
    ???
E   FileNotFoundError: [Errno 2] No such file or directory: '/app/lukhas/creativity/dream_systems/dream_convergence_tester.py'</error></testcase><testcase classname="" name="tests.dream.test_dream_limiter" time="0.000"><error message="collection failure">tests/dream/test_dream_limiter.py:17: in &lt;module&gt;
    spec.loader.exec_module(dream_limiter)
&lt;frozen importlib._bootstrap_external&gt;:995: in exec_module
    ???
&lt;frozen importlib._bootstrap_external&gt;:1132: in get_code
    ???
&lt;frozen importlib._bootstrap_external&gt;:1190: in get_data
    ???
E   FileNotFoundError: [Errno 2] No such file or directory: '/app/lukhas/creativity/dream_systems/dream_limiter.py'</error></testcase><testcase classname="" name="tests.dream.test_dream_metrics_view" time="0.000"><error message="collection failure">ImportError while importing test module '/app/tests/dream/test_dream_metrics_view.py'.
Hint: make sure your test modules/packages have valid Python names.
Traceback:
/home/jules/.pyenv/versions/3.12.11/lib/python3.12/importlib/__init__.py:90: in import_module
    return _bootstrap._gcd_import(name[level:], package, level)
           ^^^^^^^^^^^^^^^^^^^^^^^^^^^^^^^^^^^^^^^^^^^^^^^^^^^^
tests/dream/test_dream_metrics_view.py:2: in &lt;module&gt;
    from dream.dashboard.dream_metrics_view import DreamMetricsView
E   ModuleNotFoundError: No module named 'dream'</error></testcase><testcase classname="" name="tests.dream.test_dream_sandbox" time="0.000"><error message="collection failure">ImportError while importing test module '/app/tests/dream/test_dream_sandbox.py'.
Hint: make sure your test modules/packages have valid Python names.
Traceback:
/home/jules/.pyenv/versions/3.12.11/lib/python3.12/importlib/__init__.py:90: in import_module
    return _bootstrap._gcd_import(name[level:], package, level)
           ^^^^^^^^^^^^^^^^^^^^^^^^^^^^^^^^^^^^^^^^^^^^^^^^^^^^
tests/dream/test_dream_sandbox.py:3: in &lt;module&gt;
    from dream import DreamSandbox
E   ModuleNotFoundError: No module named 'dream'</error></testcase><testcase classname="" name="tests.dream.test_dream_snapshot" time="0.000"><error message="collection failure">ImportError while importing test module '/app/tests/dream/test_dream_snapshot.py'.
Hint: make sure your test modules/packages have valid Python names.
Traceback:
/home/jules/.pyenv/versions/3.12.11/lib/python3.12/importlib/__init__.py:90: in import_module
    return _bootstrap._gcd_import(name[level:], package, level)
           ^^^^^^^^^^^^^^^^^^^^^^^^^^^^^^^^^^^^^^^^^^^^^^^^^^^^
tests/dream/test_dream_snapshot.py:4: in &lt;module&gt;
    from creativity.dream.oneiric_engine.oneiric_core.modules.dream_reflection_loop import DreamReflectionLoop
E   ModuleNotFoundError: No module named 'creativity.dream.oneiric_engine.oneiric_core.modules'</error></testcase><testcase classname="" name="tests.dream.test_memoryscape_viewport" time="0.000"><error message="collection failure">ImportError while importing test module '/app/tests/dream/test_memoryscape_viewport.py'.
Hint: make sure your test modules/packages have valid Python names.
Traceback:
/home/jules/.pyenv/versions/3.12.11/lib/python3.12/importlib/__init__.py:90: in import_module
    return _bootstrap._gcd_import(name[level:], package, level)
           ^^^^^^^^^^^^^^^^^^^^^^^^^^^^^^^^^^^^^^^^^^^^^^^^^^^^
tests/dream/test_memoryscape_viewport.py:2: in &lt;module&gt;
    import plotly.graph_objects as go
E   ModuleNotFoundError: No module named 'plotly'</error></testcase><testcase classname="" name="tests.dream.test_rl_dream_cycle" time="0.000"><error message="collection failure">ImportError while importing test module '/app/tests/dream/test_rl_dream_cycle.py'.
Hint: make sure your test modules/packages have valid Python names.
Traceback:
/home/jules/.pyenv/versions/3.12.11/lib/python3.12/importlib/__init__.py:90: in import_module
    return _bootstrap._gcd_import(name[level:], package, level)
           ^^^^^^^^^^^^^^^^^^^^^^^^^^^^^^^^^^^^^^^^^^^^^^^^^^^^
tests/dream/test_rl_dream_cycle.py:2: in &lt;module&gt;
    from dream.rl import RLDreamCycle
E   ModuleNotFoundError: No module named 'dream'</error></testcase><testcase classname="" name="tests.emotion.affect.test_affect_stagnation" time="0.000"><error message="collection failure">ImportError while importing test module '/app/tests/emotion/affect/test_affect_stagnation.py'.
Hint: make sure your test modules/packages have valid Python names.
Traceback:
/home/jules/.pyenv/versions/3.12.11/lib/python3.12/importlib/__init__.py:90: in import_module
    return _bootstrap._gcd_import(name[level:], package, level)
           ^^^^^^^^^^^^^^^^^^^^^^^^^^^^^^^^^^^^^^^^^^^^^^^^^^^^
tests/emotion/affect/test_affect_stagnation.py:13: in &lt;module&gt;
    from memory.core_memory.emotional_memory import EmotionalMemory, EmotionVector
E   ModuleNotFoundError: No module named 'memory.core_memory'</error></testcase><testcase classname="" name="tests.emotion.test_emotion_feedback" time="0.000"><error message="collection failure">ImportError while importing test module '/app/tests/emotion/test_emotion_feedback.py'.
Hint: make sure your test modules/packages have valid Python names.
Traceback:
/home/jules/.pyenv/versions/3.12.11/lib/python3.12/importlib/__init__.py:90: in import_module
    return _bootstrap._gcd_import(name[level:], package, level)
           ^^^^^^^^^^^^^^^^^^^^^^^^^^^^^^^^^^^^^^^^^^^^^^^^^^^^
tests/emotion/test_emotion_feedback.py:9: in &lt;module&gt;
    from memory.core_memory.emotional_memory import EmotionalMemory, EmotionVector
E   ModuleNotFoundError: No module named 'memory.core_memory'</error></testcase><testcase classname="" name="tests.emotion.test_emotional_compat_mode" time="0.000"><error message="collection failure">ImportError while importing test module '/app/tests/emotion/test_emotional_compat_mode.py'.
Hint: make sure your test modules/packages have valid Python names.
Traceback:
/home/jules/.pyenv/versions/3.12.11/lib/python3.12/importlib/__init__.py:90: in import_module
    return _bootstrap._gcd_import(name[level:], package, level)
           ^^^^^^^^^^^^^^^^^^^^^^^^^^^^^^^^^^^^^^^^^^^^^^^^^^^^
tests/emotion/test_emotional_compat_mode.py:4: in &lt;module&gt;
    from memory.core_memory import emotional_memory
E   ModuleNotFoundError: No module named 'memory.core_memory'</error></testcase><testcase classname="" name="tests.ethics.test_ethics_basic" time="0.000"><error message="collection failure">ImportError while importing test module '/app/tests/ethics/test_ethics_basic.py'.
Hint: make sure your test modules/packages have valid Python names.
Traceback:
/home/jules/.pyenv/versions/3.12.11/lib/python3.12/importlib/__init__.py:90: in import_module
    return _bootstrap._gcd_import(name[level:], package, level)
           ^^^^^^^^^^^^^^^^^^^^^^^^^^^^^^^^^^^^^^^^^^^^^^^^^^^^
tests/ethics/test_ethics_basic.py:6: in &lt;module&gt;
    from ethics import (
E   ImportError: cannot import name 'default_registry' from 'ethics' (/app/ethics/__init__.py)</error></testcase><testcase classname="" name="tests.ethics.test_fallback_ethics_layer" time="0.000"><error message="collection failure">ImportError while importing test module '/app/tests/ethics/test_fallback_ethics_layer.py'.
Hint: make sure your test modules/packages have valid Python names.
Traceback:
/home/jules/.pyenv/versions/3.12.11/lib/python3.12/importlib/__init__.py:90: in import_module
    return _bootstrap._gcd_import(name[level:], package, level)
           ^^^^^^^^^^^^^^^^^^^^^^^^^^^^^^^^^^^^^^^^^^^^^^^^^^^^
tests/ethics/test_fallback_ethics_layer.py:1: in &lt;module&gt;
    from ethics.fallback import FallbackEthicsLayer
ethics/fallback/__init__.py:3: in &lt;module&gt;
    from .fallback_ethics_layer import FallbackEthicsLayer
E   ModuleNotFoundError: No module named 'ethics.fallback.fallback_ethics_layer'</error></testcase><testcase classname="" name="tests.ethics.test_unified_engine" time="0.000"><error message="collection failure">ImportError while importing test module '/app/tests/ethics/test_unified_engine.py'.
Hint: make sure your test modules/packages have valid Python names.
Traceback:
/home/jules/.pyenv/versions/3.12.11/lib/python3.12/importlib/__init__.py:90: in import_module
    return _bootstrap._gcd_import(name[level:], package, level)
           ^^^^^^^^^^^^^^^^^^^^^^^^^^^^^^^^^^^^^^^^^^^^^^^^^^^^
tests/ethics/test_unified_engine.py:6: in &lt;module&gt;
    from ethics.engine import QuantumEthics, EthicalFramework, EthicalRiskLevel
E   ImportError: cannot import name 'QuantumEthics' from 'ethics.engine' (/app/ethics/engine.py)</error></testcase><testcase classname="" name="tests.hold.dreams.test_affect_delta_detection" time="0.000"><error message="collection failure">ImportError while importing test module '/app/tests/hold/dreams/test_affect_delta_detection.py'.
Hint: make sure your test modules/packages have valid Python names.
Traceback:
/home/jules/.pyenv/versions/3.12.11/lib/python3.12/importlib/__init__.py:90: in import_module
    return _bootstrap._gcd_import(name[level:], package, level)
           ^^^^^^^^^^^^^^^^^^^^^^^^^^^^^^^^^^^^^^^^^^^^^^^^^^^^
tests/hold/dreams/test_affect_delta_detection.py:2: in &lt;module&gt;
    from consciousness.core_consciousness.dream_engine.dream_reflection_loop import DreamReflectionLoop
E   ModuleNotFoundError: No module named 'consciousness.core_consciousness'</error></testcase><testcase classname="" name="tests.hold.dreams.test_dream_emotion_feedback" time="0.000"><error message="collection failure">ImportError while importing test module '/app/tests/hold/dreams/test_dream_emotion_feedback.py'.
Hint: make sure your test modules/packages have valid Python names.
Traceback:
/home/jules/.pyenv/versions/3.12.11/lib/python3.12/importlib/__init__.py:90: in import_module
    return _bootstrap._gcd_import(name[level:], package, level)
           ^^^^^^^^^^^^^^^^^^^^^^^^^^^^^^^^^^^^^^^^^^^^^^^^^^^^
tests/hold/dreams/test_dream_emotion_feedback.py:2: in &lt;module&gt;
    from creativity.dream.oneiric_engine.oneiric_core.modules.dream_reflection_loop import DreamReflectionLoop
E   ModuleNotFoundError: No module named 'creativity.dream.oneiric_engine.oneiric_core.modules'</error></testcase><testcase classname="" name="tests.hold.dreams.test_recursive_dream_chain" time="0.000"><error message="collection failure">ImportError while importing test module '/app/tests/hold/dreams/test_recursive_dream_chain.py'.
Hint: make sure your test modules/packages have valid Python names.
Traceback:
/home/jules/.pyenv/versions/3.12.11/lib/python3.12/importlib/__init__.py:90: in import_module
    return _bootstrap._gcd_import(name[level:], package, level)
           ^^^^^^^^^^^^^^^^^^^^^^^^^^^^^^^^^^^^^^^^^^^^^^^^^^^^
tests/hold/dreams/test_recursive_dream_chain.py:2: in &lt;module&gt;
    from creativity.dream.oneiric_engine.oneiric_core.modules.dream_reflection_loop import DreamReflectionLoop
E   ModuleNotFoundError: No module named 'creativity.dream.oneiric_engine.oneiric_core.modules'</error></testcase><testcase classname="" name="tests.integration.test_core_agi_systems" time="0.000"><error message="collection failure">ImportError while importing test module '/app/tests/integration/test_core_agi_systems.py'.
Hint: make sure your test modules/packages have valid Python names.
Traceback:
/home/jules/.pyenv/versions/3.12.11/lib/python3.12/importlib/__init__.py:90: in import_module
    return _bootstrap._gcd_import(name[level:], package, level)
           ^^^^^^^^^^^^^^^^^^^^^^^^^^^^^^^^^^^^^^^^^^^^^^^^^^^^
tests/integration/test_core_agi_systems.py:15: in &lt;module&gt;
    from core.symbolic import GLYPH_MAP
E   ImportError: cannot import name 'GLYPH_MAP' from 'core.symbolic' (/app/core/symbolic/__init__.py)</error></testcase><testcase classname="" name="tests.integration.test_critical_path" time="0.000"><error message="collection failure">ImportError while importing test module '/app/tests/integration/test_critical_path.py'.
Hint: make sure your test modules/packages have valid Python names.
Traceback:
/home/jules/.pyenv/versions/3.12.11/lib/python3.12/importlib/__init__.py:90: in import_module
    return _bootstrap._gcd_import(name[level:], package, level)
           ^^^^^^^^^^^^^^^^^^^^^^^^^^^^^^^^^^^^^^^^^^^^^^^^^^^^
tests/integration/test_critical_path.py:16: in &lt;module&gt;
    from ethics import (
E   ImportError: cannot import name 'default_registry' from 'ethics' (/app/ethics/__init__.py)</error></testcase><testcase classname="" name="tests.integration.test_security_ethics_pipeline" time="0.000"><error message="collection failure">ImportError while importing test module '/app/tests/integration/test_security_ethics_pipeline.py'.
Hint: make sure your test modules/packages have valid Python names.
Traceback:
/home/jules/.pyenv/versions/3.12.11/lib/python3.12/importlib/__init__.py:90: in import_module
    return _bootstrap._gcd_import(name[level:], package, level)
           ^^^^^^^^^^^^^^^^^^^^^^^^^^^^^^^^^^^^^^^^^^^^^^^^^^^^
tests/integration/test_security_ethics_pipeline.py:6: in &lt;module&gt;
    from ethics.engine import QuantumEthics
E   ImportError: cannot import name 'QuantumEthics' from 'ethics.engine' (/app/ethics/engine.py)</error></testcase><testcase classname="" name="tests.interfaces.api.test_api_version" time="0.000"><error message="collection failure">ImportError while importing test module '/app/tests/interfaces/api/test_api_version.py'.
Hint: make sure your test modules/packages have valid Python names.
Traceback:
/home/jules/.pyenv/versions/3.12.11/lib/python3.12/importlib/__init__.py:90: in import_module
    return _bootstrap._gcd_import(name[level:], package, level)
           ^^^^^^^^^^^^^^^^^^^^^^^^^^^^^^^^^^^^^^^^^^^^^^^^^^^^
tests/interfaces/api/test_api_version.py:1: in &lt;module&gt;
    from interfaces.api import API_VERSION, API_PREFIX
interfaces/__init__.py:47: in &lt;module&gt;
    from .nodes import IntentNode, VoiceNode, NodeManager
interfaces/nodes/__init__.py:10: in &lt;module&gt;
    from .intent_node import IntentNode
E   ModuleNotFoundError: No module named 'interfaces.nodes.intent_node'</error></testcase><testcase classname="" name="tests.interfaces.api.test_models" time="0.000"><error message="collection failure">ImportError while importing test module '/app/tests/interfaces/api/test_models.py'.
Hint: make sure your test modules/packages have valid Python names.
Traceback:
/home/jules/.pyenv/versions/3.12.11/lib/python3.12/importlib/__init__.py:90: in import_module
    return _bootstrap._gcd_import(name[level:], package, level)
           ^^^^^^^^^^^^^^^^^^^^^^^^^^^^^^^^^^^^^^^^^^^^^^^^^^^^
tests/interfaces/api/test_models.py:1: in &lt;module&gt;
    from interfaces.api.v1.rest.models import ProcessRequest, ProcessingMode
interfaces/__init__.py:47: in &lt;module&gt;
    from .nodes import IntentNode, VoiceNode, NodeManager
interfaces/nodes/__init__.py:10: in &lt;module&gt;
    from .intent_node import IntentNode
E   ModuleNotFoundError: No module named 'interfaces.nodes.intent_node'</error></testcase><testcase classname="" name="tests.memory.test_glyph_memory_integration" time="0.000"><error message="collection failure">tests/memory/test_glyph_memory_integration.py:101: in &lt;module&gt;
    fold_lineages: Dict[str, FoldLineage],
                             ^^^^^^^^^^^
E   NameError: name 'FoldLineage' is not defined</error></testcase><testcase classname="" name="tests.memory.test_identity_lineage_validation" time="0.000"><error message="collection failure">ImportError while importing test module '/app/tests/memory/test_identity_lineage_validation.py'.
Hint: make sure your test modules/packages have valid Python names.
Traceback:
/home/jules/.pyenv/versions/3.12.11/lib/python3.12/importlib/__init__.py:90: in import_module
    return _bootstrap._gcd_import(name[level:], package, level)
           ^^^^^^^^^^^^^^^^^^^^^^^^^^^^^^^^^^^^^^^^^^^^^^^^^^^^
tests/memory/test_identity_lineage_validation.py:33: in &lt;module&gt;
    from memory.core_memory.causal_identity_tracker import (
E   ModuleNotFoundError: No module named 'memory.core_memory'</error></testcase><testcase classname="" name="tests.memory.test_integrity_chain" time="0.000"><error message="collection failure">ImportError while importing test module '/app/tests/memory/test_integrity_chain.py'.
Hint: make sure your test modules/packages have valid Python names.
Traceback:
/home/jules/.pyenv/versions/3.12.11/lib/python3.12/importlib/__init__.py:90: in import_module
    return _bootstrap._gcd_import(name[level:], package, level)
           ^^^^^^^^^^^^^^^^^^^^^^^^^^^^^^^^^^^^^^^^^^^^^^^^^^^^
tests/memory/test_integrity_chain.py:2: in &lt;module&gt;
    from memory.fold_engine import MemoryIntegrityLedger
E   ModuleNotFoundError: No module named 'memory.fold_engine'</error></testcase><testcase classname="" name="tests.monitoring.test_collapse_integration" time="0.000"><error message="collection failure">ImportError while importing test module '/app/tests/monitoring/test_collapse_integration.py'.
Hint: make sure your test modules/packages have valid Python names.
Traceback:
/home/jules/.pyenv/versions/3.12.11/lib/python3.12/importlib/__init__.py:90: in import_module
    return _bootstrap._gcd_import(name[level:], package, level)
           ^^^^^^^^^^^^^^^^^^^^^^^^^^^^^^^^^^^^^^^^^^^^^^^^^^^^
tests/monitoring/test_collapse_integration.py:11: in &lt;module&gt;
    from core.monitoring.collapse_integration import (
core/monitoring/__init__.py:35: in &lt;module&gt;
    from .drift_monitor import (
core/monitoring/drift_monitor.py:47: in &lt;module&gt;
    from core.symbolic.drift.symbolic_drift_tracker import (
core/symbolic/drift/symbolic_drift_tracker.py:28: in &lt;module&gt;
    from core.symbolic.drift.symbolic_drift_tracker import SymbolicDriftTracker as CoreSymbolicDriftTracker  # CLAUDE_EDIT_v0.2: Updated to correct implementation path
    ^^^^^^^^^^^^^^^^^^^^^^^^^^^^^^^^^^^^^^^^^^^^^^^^^^^^^^^^^^^^^^^^^^^^^^^^^^^^^^^^^^^^^^^^^^^^^^^^^^^^^^^
[...]
reasoning/ethical_reasoning_integration.py:11: in &lt;module&gt;
    from .ethical_reasoning_system import (
reasoning/ethical_reasoning_system.py:913: in &lt;module&gt;
    class EthicalReasoningSystem:
reasoning/ethical_reasoning_system.py:1124: in EthicalReasoningSystem
    def _identify_uncertainty_factors(self, framework_analyses: Dict[EthicalFramework, Dict[str, Any]], alignment_assessment: ValueAlignment, context: Dict[str, Any]) -&gt; List[str]:
                                                                                                                              ^^^^^^^^^^^^^^
E   NameError: name 'ValueAlignment' is not defined</error></testcase><testcase classname="" name="tests.test_reasoning_engine_drift" time="0.000"><error message="collection failure">tests/test_reasoning_engine_drift.py:2: in &lt;module&gt;
    from reasoning.reasoning_engine import SymbolicEngine
reasoning/__init__.py:50: in &lt;module&gt;
    from .reasoning_hub import (
reasoning/reasoning_hub.py:11: in &lt;module&gt;
    from .ethical_reasoning_integration import create_ethical_reasoning_integration
reasoning/ethical_reasoning_integration.py:11: in &lt;module&gt;
    from .ethical_reasoning_system import (
reasoning/ethical_reasoning_system.py:913: in &lt;module&gt;
    class EthicalReasoningSystem:
reasoning/ethical_reasoning_system.py:1124: in EthicalReasoningSystem
    def _identify_uncertainty_factors(self, framework_analyses: Dict[EthicalFramework, Dict[str, Any]], alignment_assessment: ValueAlignment, context: Dict[str, Any]) -&gt; List[str]:
                                                                                                                              ^^^^^^^^^^^^^^
E   NameError: name 'ValueAlignment' is not defined</error></testcase><testcase classname="" name="tests.test_reasoning_hub" time="0.000"><error message="collection failure">tests/test_reasoning_hub.py:2: in &lt;module&gt;
    from reasoning.reasoning_hub import get_reasoning_hub
reasoning/__init__.py:50: in &lt;module&gt;
    from .reasoning_hub import (
reasoning/reasoning_hub.py:11: in &lt;module&gt;
    from .ethical_reasoning_integration import create_ethical_reasoning_integration
reasoning/ethical_reasoning_integration.py:11: in &lt;module&gt;
    from .ethical_reasoning_system import (
reasoning/ethical_reasoning_system.py:913: in &lt;module&gt;
    class EthicalReasoningSystem:
reasoning/ethical_reasoning_system.py:1124: in EthicalReasoningSystem
    def _identify_uncertainty_factors(self, framework_analyses: Dict[EthicalFramework, Dict[str, Any]], alignment_assessment: ValueAlignment, context: Dict[str, Any]) -&gt; List[str]:
                                                                                                                              ^^^^^^^^^^^^^^
E   NameError: name 'ValueAlignment' is not defined</error></testcase><testcase classname="" name="tests.test_reasoning_metrics" time="0.000"><error message="collection failure">tests/test_reasoning_metrics.py:2: in &lt;module&gt;
    from reasoning.reasoning_metrics import logic_drift_index, recall_efficiency_score
reasoning/__init__.py:50: in &lt;module&gt;
    from .reasoning_hub import (
reasoning/reasoning_hub.py:11: in &lt;module&gt;
    from .ethical_reasoning_integration import create_ethical_reasoning_integration
reasoning/ethical_reasoning_integration.py:11: in &lt;module&gt;
    from .ethical_reasoning_system import (
reasoning/ethical_reasoning_system.py:913: in &lt;module&gt;
    class EthicalReasoningSystem:
reasoning/ethical_reasoning_system.py:1124: in EthicalReasoningSystem
    def _identify_uncertainty_factors(self, framework_analyses: Dict[EthicalFramework, Dict[str, Any]], alignment_assessment: ValueAlignment, context: Dict[str, Any]) -&gt; List[str]:
                                                                                                                              ^^^^^^^^^^^^^^
E   NameError: name 'ValueAlignment' is not defined</error></testcase><testcase classname="" name="tests.test_reasoning_node" time="0.000"><error message="collection failure">tests/test_reasoning_node.py:2: in &lt;module&gt;
    from reasoning.reasoning_engine import SymbolicEngine
reasoning/__init__.py:50: in &lt;module&gt;
    from .reasoning_hub import (
reasoning/reasoning_hub.py:11: in &lt;module&gt;
    from .ethical_reasoning_integration import create_ethical_reasoning_integration
reasoning/ethical_reasoning_integration.py:11: in &lt;module&gt;
    from .ethical_reasoning_system import (
reasoning/ethical_reasoning_system.py:913: in &lt;module&gt;
    class EthicalReasoningSystem:
reasoning/ethical_reasoning_system.py:1124: in EthicalReasoningSystem
    def _identify_uncertainty_factors(self, framework_analyses: Dict[EthicalFramework, Dict[str, Any]], alignment_assessment: ValueAlignment, context: Dict[str, Any]) -&gt; List[str]:
                                                                                                                              ^^^^^^^^^^^^^^
E   NameError: name 'ValueAlignment' is not defined</error></testcase><testcase classname="" name="tests.test_reasoning_self_test_harness" time="0.000"><error message="collection failure">tests/test_reasoning_self_test_harness.py:2: in &lt;module&gt;
    from reasoning.reasoning_engine import SymbolicEngine
reasoning/__init__.py:50: in &lt;module&gt;
    from .reasoning_hub import (
reasoning/reasoning_hub.py:11: in &lt;module&gt;
    from .ethical_reasoning_integration import create_ethical_reasoning_integration
reasoning/ethical_reasoning_integration.py:11: in &lt;module&gt;
    from .ethical_reasoning_system import (
reasoning/ethical_reasoning_system.py:913: in &lt;module&gt;
    class EthicalReasoningSystem:
reasoning/ethical_reasoning_system.py:1124: in EthicalReasoningSystem
    def _identify_uncertainty_factors(self, framework_analyses: Dict[EthicalFramework, Dict[str, Any]], alignment_assessment: ValueAlignment, context: Dict[str, Any]) -&gt; List[str]:
                                                                                                                              ^^^^^^^^^^^^^^
E   NameError: name 'ValueAlignment' is not defined</error></testcase><testcase classname="" name="tests.test_reflection_engine" time="0.000"><error message="collection failure">ImportError while importing test module '/app/tests/test_reflection_engine.py'.
Hint: make sure your test modules/packages have valid Python names.
Traceback:
/home/jules/.pyenv/versions/3.12.11/lib/python3.12/importlib/__init__.py:90: in import_module
    return _bootstrap._gcd_import(name[level:], package, level)
           ^^^^^^^^^^^^^^^^^^^^^^^^^^^^^^^^^^^^^^^^^^^^^^^^^^^^
tests/test_reflection_engine.py:18: in &lt;module&gt;
    from memory.core_memory.reflection_engine import (
E   ModuleNotFoundError: No module named 'memory.core_memory'</error></testcase><testcase classname="" name="tests.test_replay_system" time="0.000"><error message="collection failure">ImportError while importing test module '/app/tests/test_replay_system.py'.
Hint: make sure your test modules/packages have valid Python names.
Traceback:
/home/jules/.pyenv/versions/3.12.11/lib/python3.12/importlib/__init__.py:90: in import_module
    return _bootstrap._gcd_import(name[level:], package, level)
           ^^^^^^^^^^^^^^^^^^^^^^^^^^^^^^^^^^^^^^^^^^^^^^^^^^^^
tests/test_replay_system.py:17: in &lt;module&gt;
    from memory.core_memory.replay_system import (
E   ModuleNotFoundError: No module named 'memory.core_memory'</error></testcase><testcase classname="" name="tests.test_security_core" time="0.000"><error message="collection failure">tests/test_security_core.py:7: in &lt;module&gt;
    from ethics.security import (
ethics/security/__init__.py:10: in &lt;module&gt;
    from .emergency_override import check_safety_flags, shutdown_systems, log_incident
ethics/security/emergency_override.py:1: in &lt;module&gt;
    emergency_override.py
    ^^^^^^^^^^^^^^^^^^
E   NameError: name 'emergency_override' is not defined</error></testcase><testcase classname="" name="tests.test_security_core_broken" time="0.000"><error message="collection failure">tests/test_security_core_broken.py:6: in &lt;module&gt;
    from ethics.security import SecurityEngine, SafetyValidator, ThreatDetector, SecurityConfig
ethics/security/__init__.py:10: in &lt;module&gt;
    from .emergency_override import check_safety_flags, shutdown_systems, log_incident
ethics/security/emergency_override.py:1: in &lt;module&gt;
    emergency_override.py
    ^^^^^^^^^^^^^^^^^^
E   NameError: name 'emergency_override' is not defined</error></testcase><testcase classname="" name="tests.test_security_core_fixed" time="0.000"><error message="collection failure">tests/test_security_core_fixed.py:7: in &lt;module&gt;
    from ethics.security import (
ethics/security/__init__.py:10: in &lt;module&gt;
    from .emergency_override import check_safety_flags, shutdown_systems, log_incident
ethics/security/emergency_override.py:1: in &lt;module&gt;
    emergency_override.py
    ^^^^^^^^^^^^^^^^^^
E   NameError: name 'emergency_override' is not defined</error></testcase><testcase classname="" name="tests.test_simple_optimized_memory" time="0.000"><error message="collection failure">/home/jules/.pyenv/versions/3.12.11/lib/python3.12/site-packages/_pytest/python.py:498: in importtestmodule
    mod = import_path(
/home/jules/.pyenv/versions/3.12.11/lib/python3.12/site-packages/_pytest/pathlib.py:587: in import_path
    importlib.import_module(module_name)
/home/jules/.pyenv/versions/3.12.11/lib/python3.12/importlib/__init__.py:90: in import_module
    return _bootstrap._gcd_import(name[level:], package, level)
           ^^^^^^^^^^^^^^^^^^^^^^^^^^^^^^^^^^^^^^^^^^^^^^^^^^^^
&lt;frozen importlib._bootstrap&gt;:1387: in _gcd_import
    ???
&lt;frozen importlib._bootstrap&gt;:1360: in _find_and_load
    ???
&lt;frozen importlib._bootstrap&gt;:1331: in _find_and_load_unlocked
    ???
&lt;frozen importlib._bootstrap&gt;:935: in _load_unlocked
    ???
/home/jules/.pyenv/versions/3.12.11/lib/python3.12/site-packages/_pytest/assertion/rewrite.py:186: in exec_module
    exec(co, module.__dict__)
tests/test_simple_optimized_memory.py:15: in &lt;module&gt;
    from optimized_memory_item import OptimizedMemoryItem, create_optimized_memory
E     File "/app/memory/systems/optimized_memory_item.py", line 6
E       ══════════════════════════════════════════════════════════════════════════════════
E       ^
E   SyntaxError: invalid character '═' (U+2550)</error></testcase><testcase classname="" name="tests.test_strategy_engine_integration" time="0.000"><error message="collection failure">ImportError while importing test module '/app/tests/test_strategy_engine_integration.py'.
Hint: make sure your test modules/packages have valid Python names.
Traceback:
/home/jules/.pyenv/versions/3.12.11/lib/python3.12/importlib/__init__.py:90: in import_module
    return _bootstrap._gcd_import(name[level:], package, level)
           ^^^^^^^^^^^^^^^^^^^^^^^^^^^^^^^^^^^^^^^^^^^^^^^^^^^^
tests/test_strategy_engine_integration.py:13: in &lt;module&gt;
    from ethics.self_reflective_debugger import (
E   ImportError: cannot import name 'SelfReflectiveDebugger' from 'ethics.self_reflective_debugger' (/app/ethics/self_reflective_debugger.py). Did you mean: 'EnhancedSelfReflectiveDebugger'?</error></testcase><testcase classname="" name="tests.test_symbiotic_swarm_integration" time="0.000"><error message="collection failure">ImportError while importing test module '/app/tests/test_symbiotic_swarm_integration.py'.
Hint: make sure your test modules/packages have valid Python names.
Traceback:
/home/jules/.pyenv/versions/3.12.11/lib/python3.12/importlib/__init__.py:90: in import_module
    return _bootstrap._gcd_import(name[level:], package, level)
           ^^^^^^^^^^^^^^^^^^^^^^^^^^^^^^^^^^^^^^^^^^^^^^^^^^^^
tests/test_symbiotic_swarm_integration.py:23: in &lt;module&gt;
    from core.core_utilities_analyzer import ResourceEfficiencyAnalyzer
E   ModuleNotFoundError: No module named 'core.core_utilities_analyzer'</error></testcase><testcase classname="" name="tests.test_symbolic_replay_engine" time="0.000"><error message="collection failure">ImportError while importing test module '/app/tests/test_symbolic_replay_engine.py'.
Hint: make sure your test modules/packages have valid Python names.
Traceback:
/home/jules/.pyenv/versions/3.12.11/lib/python3.12/importlib/__init__.py:90: in import_module
    return _bootstrap._gcd_import(name[level:], package, level)
           ^^^^^^^^^^^^^^^^^^^^^^^^^^^^^^^^^^^^^^^^^^^^^^^^^^^^
tests/test_symbolic_replay_engine.py:5: in &lt;module&gt;
    from memory.core_memory.symbolic_replay_engine import SymbolicReplayEngine
E   ModuleNotFoundError: No module named 'memory.core_memory'</error></testcase><testcase classname="" name="tests.test_tier_system" time="0.000"><error message="collection failure">ImportError while importing test module '/app/tests/test_tier_system.py'.
Hint: make sure your test modules/packages have valid Python names.
Traceback:
/home/jules/.pyenv/versions/3.12.11/lib/python3.12/importlib/__init__.py:90: in import_module
    return _bootstrap._gcd_import(name[level:], package, level)
           ^^^^^^^^^^^^^^^^^^^^^^^^^^^^^^^^^^^^^^^^^^^^^^^^^^^^
tests/test_tier_system.py:2: in &lt;module&gt;
    from memory.core.tier_system import check_access_level
E   ModuleNotFoundError: No module named 'memory.core.tier_system'</error></testcase><testcase classname="" name="tests.test_verifold_unified" time="0.000"><error message="collection failure">ImportError while importing test module '/app/tests/test_verifold_unified.py'.
Hint: make sure your test modules/packages have valid Python names.
Traceback:
/home/jules/.pyenv/versions/3.12.11/lib/python3.12/importlib/__init__.py:90: in import_module
    return _bootstrap._gcd_import(name[level:], package, level)
           ^^^^^^^^^^^^^^^^^^^^^^^^^^^^^^^^^^^^^^^^^^^^^^^^^^^^
tests/test_verifold_unified.py:26: in &lt;module&gt;
    from core.verifold.verifold_unified import (
core/verifold/verifold_unified.py:43: in &lt;module&gt;
    from core.tier_unification_adapter import TierMappingConfig
core/tier_unification_adapter.py:28: in &lt;module&gt;
    from core.identity_integration import (
core/identity_integration.py:27: in &lt;module&gt;
    from core.decorators import core_tier_required
E   ImportError: cannot import name 'core_tier_required' from 'core.decorators' (/app/core/decorators.py)</error></testcase><testcase classname="" name="tests.unified_grammar.test_base_module" time="0.000"><error message="collection failure">ImportError while importing test module '/app/tests/unified_grammar/test_base_module.py'.
Hint: make sure your test modules/packages have valid Python names.
Traceback:
/home/jules/.pyenv/versions/3.12.11/lib/python3.12/importlib/__init__.py:90: in import_module
    return _bootstrap._gcd_import(name[level:], package, level)
           ^^^^^^^^^^^^^^^^^^^^^^^^^^^^^^^^^^^^^^^^^^^^^^^^^^^^
tests/unified_grammar/test_base_module.py:36: in &lt;module&gt;
    from core_unified_grammar.common.base_module import BaseLukhasModule, ModuleState
E   ModuleNotFoundError: No module named 'core_unified_grammar'</error></testcase><testcase classname="" name="tests.unified_grammar.test_grammar_compliance" time="0.000"><error message="collection failure">ImportError while importing test module '/app/tests/unified_grammar/test_grammar_compliance.py'.
Hint: make sure your test modules/packages have valid Python names.
Traceback:
/home/jules/.pyenv/versions/3.12.11/lib/python3.12/importlib/__init__.py:90: in import_module
    return _bootstrap._gcd_import(name[level:], package, level)
           ^^^^^^^^^^^^^^^^^^^^^^^^^^^^^^^^^^^^^^^^^^^^^^^^^^^^
tests/unified_grammar/test_grammar_compliance.py:13: in &lt;module&gt;
    from core_unified_grammar.common.base_module import BaseLukhasModule
E   ModuleNotFoundError: No module named 'core_unified_grammar'</error></testcase><testcase classname="" name="tests.unified_grammar.test_module_integration" time="0.000"><error message="collection failure">ImportError while importing test module '/app/tests/unified_grammar/test_module_integration.py'.
Hint: make sure your test modules/packages have valid Python names.
Traceback:
/home/jules/.pyenv/versions/3.12.11/lib/python3.12/importlib/__init__.py:90: in import_module
    return _bootstrap._gcd_import(name[level:], package, level)
           ^^^^^^^^^^^^^^^^^^^^^^^^^^^^^^^^^^^^^^^^^^^^^^^^^^^^
tests/unified_grammar/test_module_integration.py:11: in &lt;module&gt;
    from core_unified_grammar.common.base_module import BaseLukhasModule, ModuleState
E   ModuleNotFoundError: No module named 'core_unified_grammar'</error></testcase><testcase classname="" name="tests.unified_grammar.test_symbolic_vocabulary" time="0.000"><error message="collection failure">ImportError while importing test module '/app/tests/unified_grammar/test_symbolic_vocabulary.py'.
Hint: make sure your test modules/packages have valid Python names.
Traceback:
/home/jules/.pyenv/versions/3.12.11/lib/python3.12/importlib/__init__.py:90: in import_module
    return _bootstrap._gcd_import(name[level:], package, level)
           ^^^^^^^^^^^^^^^^^^^^^^^^^^^^^^^^^^^^^^^^^^^^^^^^^^^^
tests/unified_grammar/test_symbolic_vocabulary.py:11: in &lt;module&gt;
    from symbolic.vocabularies import (
symbolic/vocabularies/voice_vocabulary.py:11: in &lt;module&gt;
    from ..core import VoiceEmotion, VoiceProvider
E   ImportError: cannot import name 'VoiceEmotion' from 'symbolic.core' (/app/symbolic/core/__init__.py)</error></testcase><testcase classname="" name="tools.parsers.test_knowledge_loader" time="0.000"><error message="collection failure">/home/jules/.pyenv/versions/3.12.11/lib/python3.12/site-packages/_pytest/python.py:498: in importtestmodule
    mod = import_path(
/home/jules/.pyenv/versions/3.12.11/lib/python3.12/site-packages/_pytest/pathlib.py:587: in import_path
    importlib.import_module(module_name)
/home/jules/.pyenv/versions/3.12.11/lib/python3.12/importlib/__init__.py:90: in import_module
    return _bootstrap._gcd_import(name[level:], package, level)
           ^^^^^^^^^^^^^^^^^^^^^^^^^^^^^^^^^^^^^^^^^^^^^^^^^^^^
&lt;frozen importlib._bootstrap&gt;:1387: in _gcd_import
    ???
&lt;frozen importlib._bootstrap&gt;:1360: in _find_and_load
    ???
&lt;frozen importlib._bootstrap&gt;:1331: in _find_and_load_unlocked
    ???
&lt;frozen importlib._bootstrap&gt;:935: in _load_unlocked
    ???
/home/jules/.pyenv/versions/3.12.11/lib/python3.12/site-packages/_pytest/assertion/rewrite.py:177: in exec_module
    source_stat, co = _rewrite_test(fn, self.config)
                      ^^^^^^^^^^^^^^^^^^^^^^^^^^^^^^
/home/jules/.pyenv/versions/3.12.11/lib/python3.12/site-packages/_pytest/assertion/rewrite.py:357: in _rewrite_test
    tree = ast.parse(source, filename=strfn)
           ^^^^^^^^^^^^^^^^^^^^^^^^^^^^^^^^^
/home/jules/.pyenv/versions/3.12.11/lib/python3.12/ast.py:52: in parse
    return compile(source, filename, mode, flags,
E     File "/app/tools/parsers/test_knowledge_loader.py", line 38
E       )
E       ^
E   SyntaxError: unmatched ')'</error></testcase><testcase classname="" name="tools.prediction.test_prophet" time="0.000"><error message="collection failure">ImportError while importing test module '/app/tools/prediction/test_prophet.py'.
Hint: make sure your test modules/packages have valid Python names.
Traceback:
/home/jules/.pyenv/versions/3.12.11/lib/python3.12/importlib/__init__.py:90: in import_module
    return _bootstrap._gcd_import(name[level:], package, level)
           ^^^^^^^^^^^^^^^^^^^^^^^^^^^^^^^^^^^^^^^^^^^^^^^^^^^^
tools/prediction/test_prophet.py:37: in &lt;module&gt;
    from diagnostics.predictive.prophet import (
E   ModuleNotFoundError: No module named 'diagnostics.predictive'</error></testcase></testsuite></testsuites>